2025-02-12 15:50:11,873 - __main__ - INFO - Bot starting...
2025-02-12 15:50:12,357 - httpx - INFO - HTTP Request: POST https://api.telegram.org/bot7093719129:AAE3ny7_m5SoEpXWsZs-MlI2tEsXVYR9b4Q/getMe "HTTP/1.1 200 OK"
2025-02-12 15:50:12,465 - httpx - INFO - HTTP Request: POST https://api.telegram.org/bot7093719129:AAE3ny7_m5SoEpXWsZs-MlI2tEsXVYR9b4Q/deleteWebhook "HTTP/1.1 200 OK"
2025-02-12 15:50:12,468 - telegram.ext.Application - INFO - Application started
2025-02-12 15:50:22,788 - httpx - INFO - HTTP Request: POST https://api.telegram.org/bot7093719129:AAE3ny7_m5SoEpXWsZs-MlI2tEsXVYR9b4Q/getUpdates "HTTP/1.1 200 OK"
2025-02-12 15:50:27,255 - httpx - INFO - HTTP Request: POST https://api.telegram.org/bot7093719129:AAE3ny7_m5SoEpXWsZs-MlI2tEsXVYR9b4Q/getUpdates "HTTP/1.1 200 OK"
2025-02-12 15:50:27,634 - httpx - INFO - HTTP Request: POST https://api.telegram.org/bot7093719129:AAE3ny7_m5SoEpXWsZs-MlI2tEsXVYR9b4Q/sendMessage "HTTP/1.1 200 OK"
2025-02-12 15:50:27,803 - httpx - INFO - HTTP Request: POST https://api.telegram.org/bot7093719129:AAE3ny7_m5SoEpXWsZs-MlI2tEsXVYR9b4Q/sendMessage "HTTP/1.1 200 OK"
2025-02-12 15:50:27,805 - __main__ - INFO - Welcome message sent to user 8087826607
2025-02-12 15:50:37,379 - httpx - INFO - HTTP Request: POST https://api.telegram.org/bot7093719129:AAE3ny7_m5SoEpXWsZs-MlI2tEsXVYR9b4Q/getUpdates "HTTP/1.1 200 OK"
2025-02-12 15:50:47,487 - httpx - INFO - HTTP Request: POST https://api.telegram.org/bot7093719129:AAE3ny7_m5SoEpXWsZs-MlI2tEsXVYR9b4Q/getUpdates "HTTP/1.1 200 OK"
2025-02-12 15:50:52,199 - httpx - INFO - HTTP Request: POST https://api.telegram.org/bot7093719129:AAE3ny7_m5SoEpXWsZs-MlI2tEsXVYR9b4Q/getUpdates "HTTP/1.1 200 OK"
2025-02-12 15:50:52,602 - httpx - INFO - HTTP Request: POST https://api.telegram.org/bot7093719129:AAE3ny7_m5SoEpXWsZs-MlI2tEsXVYR9b4Q/answerCallbackQuery "HTTP/1.1 200 OK"
2025-02-12 15:50:52,714 - httpx - INFO - HTTP Request: POST https://api.telegram.org/bot7093719129:AAE3ny7_m5SoEpXWsZs-MlI2tEsXVYR9b4Q/editMessageText "HTTP/1.1 400 Bad Request"
2025-02-12 15:50:52,714 - __main__ - ERROR - Error in social_links_callback: Button_url_invalid
2025-02-12 15:51:02,308 - httpx - INFO - HTTP Request: POST https://api.telegram.org/bot7093719129:AAE3ny7_m5SoEpXWsZs-MlI2tEsXVYR9b4Q/getUpdates "HTTP/1.1 200 OK"
2025-02-12 15:51:12,412 - httpx - INFO - HTTP Request: POST https://api.telegram.org/bot7093719129:AAE3ny7_m5SoEpXWsZs-MlI2tEsXVYR9b4Q/getUpdates "HTTP/1.1 200 OK"
2025-02-12 15:51:22,554 - httpx - INFO - HTTP Request: POST https://api.telegram.org/bot7093719129:AAE3ny7_m5SoEpXWsZs-MlI2tEsXVYR9b4Q/getUpdates "HTTP/1.1 200 OK"
2025-02-12 15:51:26,917 - httpx - INFO - HTTP Request: POST https://api.telegram.org/bot7093719129:AAE3ny7_m5SoEpXWsZs-MlI2tEsXVYR9b4Q/getUpdates "HTTP/1.1 200 OK"
2025-02-12 15:51:27,316 - httpx - INFO - HTTP Request: POST https://api.telegram.org/bot7093719129:AAE3ny7_m5SoEpXWsZs-MlI2tEsXVYR9b4Q/forwardMessage "HTTP/1.1 200 OK"
2025-02-12 15:51:27,479 - httpx - INFO - HTTP Request: POST https://api.telegram.org/bot7093719129:AAE3ny7_m5SoEpXWsZs-MlI2tEsXVYR9b4Q/sendMessage "HTTP/1.1 200 OK"
2025-02-12 15:51:27,621 - httpx - INFO - HTTP Request: POST https://api.telegram.org/bot7093719129:AAE3ny7_m5SoEpXWsZs-MlI2tEsXVYR9b4Q/sendMessage "HTTP/1.1 200 OK"
2025-02-12 15:51:32,941 - httpx - INFO - HTTP Request: POST https://api.telegram.org/bot7093719129:AAE3ny7_m5SoEpXWsZs-MlI2tEsXVYR9b4Q/getUpdates "HTTP/1.1 200 OK"
2025-02-12 15:51:33,262 - httpx - INFO - HTTP Request: POST https://api.telegram.org/bot7093719129:AAE3ny7_m5SoEpXWsZs-MlI2tEsXVYR9b4Q/answerCallbackQuery "HTTP/1.1 200 OK"
2025-02-12 15:51:33,382 - httpx - INFO - HTTP Request: POST https://api.telegram.org/bot7093719129:AAE3ny7_m5SoEpXWsZs-MlI2tEsXVYR9b4Q/editMessageText "HTTP/1.1 400 Bad Request"
2025-02-12 15:51:33,383 - __main__ - ERROR - Error in social_links_callback: Button_url_invalid
2025-02-12 15:51:43,052 - httpx - INFO - HTTP Request: POST https://api.telegram.org/bot7093719129:AAE3ny7_m5SoEpXWsZs-MlI2tEsXVYR9b4Q/getUpdates "HTTP/1.1 200 OK"
2025-02-12 15:51:53,185 - httpx - INFO - HTTP Request: POST https://api.telegram.org/bot7093719129:AAE3ny7_m5SoEpXWsZs-MlI2tEsXVYR9b4Q/getUpdates "HTTP/1.1 200 OK"
2025-02-12 15:52:03,295 - httpx - INFO - HTTP Request: POST https://api.telegram.org/bot7093719129:AAE3ny7_m5SoEpXWsZs-MlI2tEsXVYR9b4Q/getUpdates "HTTP/1.1 200 OK"
2025-02-12 15:52:13,404 - httpx - INFO - HTTP Request: POST https://api.telegram.org/bot7093719129:AAE3ny7_m5SoEpXWsZs-MlI2tEsXVYR9b4Q/getUpdates "HTTP/1.1 200 OK"
2025-02-12 15:52:23,518 - httpx - INFO - HTTP Request: POST https://api.telegram.org/bot7093719129:AAE3ny7_m5SoEpXWsZs-MlI2tEsXVYR9b4Q/getUpdates "HTTP/1.1 200 OK"
2025-02-12 15:52:33,660 - httpx - INFO - HTTP Request: POST https://api.telegram.org/bot7093719129:AAE3ny7_m5SoEpXWsZs-MlI2tEsXVYR9b4Q/getUpdates "HTTP/1.1 200 OK"
2025-02-12 15:52:43,792 - httpx - INFO - HTTP Request: POST https://api.telegram.org/bot7093719129:AAE3ny7_m5SoEpXWsZs-MlI2tEsXVYR9b4Q/getUpdates "HTTP/1.1 200 OK"
2025-02-12 15:52:53,924 - httpx - INFO - HTTP Request: POST https://api.telegram.org/bot7093719129:AAE3ny7_m5SoEpXWsZs-MlI2tEsXVYR9b4Q/getUpdates "HTTP/1.1 200 OK"
2025-02-12 15:53:04,033 - httpx - INFO - HTTP Request: POST https://api.telegram.org/bot7093719129:AAE3ny7_m5SoEpXWsZs-MlI2tEsXVYR9b4Q/getUpdates "HTTP/1.1 200 OK"
2025-02-12 15:53:14,142 - httpx - INFO - HTTP Request: POST https://api.telegram.org/bot7093719129:AAE3ny7_m5SoEpXWsZs-MlI2tEsXVYR9b4Q/getUpdates "HTTP/1.1 200 OK"
2025-02-12 15:53:24,249 - httpx - INFO - HTTP Request: POST https://api.telegram.org/bot7093719129:AAE3ny7_m5SoEpXWsZs-MlI2tEsXVYR9b4Q/getUpdates "HTTP/1.1 200 OK"
2025-02-12 15:53:34,359 - httpx - INFO - HTTP Request: POST https://api.telegram.org/bot7093719129:AAE3ny7_m5SoEpXWsZs-MlI2tEsXVYR9b4Q/getUpdates "HTTP/1.1 200 OK"
2025-02-12 15:53:44,470 - httpx - INFO - HTTP Request: POST https://api.telegram.org/bot7093719129:AAE3ny7_m5SoEpXWsZs-MlI2tEsXVYR9b4Q/getUpdates "HTTP/1.1 200 OK"
2025-02-12 15:53:54,582 - httpx - INFO - HTTP Request: POST https://api.telegram.org/bot7093719129:AAE3ny7_m5SoEpXWsZs-MlI2tEsXVYR9b4Q/getUpdates "HTTP/1.1 200 OK"
2025-02-12 15:54:04,696 - httpx - INFO - HTTP Request: POST https://api.telegram.org/bot7093719129:AAE3ny7_m5SoEpXWsZs-MlI2tEsXVYR9b4Q/getUpdates "HTTP/1.1 200 OK"
2025-02-12 15:54:14,803 - httpx - INFO - HTTP Request: POST https://api.telegram.org/bot7093719129:AAE3ny7_m5SoEpXWsZs-MlI2tEsXVYR9b4Q/getUpdates "HTTP/1.1 200 OK"
2025-02-12 15:54:24,962 - httpx - INFO - HTTP Request: POST https://api.telegram.org/bot7093719129:AAE3ny7_m5SoEpXWsZs-MlI2tEsXVYR9b4Q/getUpdates "HTTP/1.1 200 OK"
2025-02-12 15:54:35,077 - httpx - INFO - HTTP Request: POST https://api.telegram.org/bot7093719129:AAE3ny7_m5SoEpXWsZs-MlI2tEsXVYR9b4Q/getUpdates "HTTP/1.1 200 OK"
2025-02-12 15:54:45,193 - httpx - INFO - HTTP Request: POST https://api.telegram.org/bot7093719129:AAE3ny7_m5SoEpXWsZs-MlI2tEsXVYR9b4Q/getUpdates "HTTP/1.1 200 OK"
2025-02-12 15:54:55,299 - httpx - INFO - HTTP Request: POST https://api.telegram.org/bot7093719129:AAE3ny7_m5SoEpXWsZs-MlI2tEsXVYR9b4Q/getUpdates "HTTP/1.1 200 OK"
2025-02-12 15:55:05,412 - httpx - INFO - HTTP Request: POST https://api.telegram.org/bot7093719129:AAE3ny7_m5SoEpXWsZs-MlI2tEsXVYR9b4Q/getUpdates "HTTP/1.1 200 OK"
2025-02-12 15:55:15,522 - httpx - INFO - HTTP Request: POST https://api.telegram.org/bot7093719129:AAE3ny7_m5SoEpXWsZs-MlI2tEsXVYR9b4Q/getUpdates "HTTP/1.1 200 OK"
2025-02-12 15:55:25,684 - httpx - INFO - HTTP Request: POST https://api.telegram.org/bot7093719129:AAE3ny7_m5SoEpXWsZs-MlI2tEsXVYR9b4Q/getUpdates "HTTP/1.1 200 OK"
2025-02-12 15:55:35,795 - httpx - INFO - HTTP Request: POST https://api.telegram.org/bot7093719129:AAE3ny7_m5SoEpXWsZs-MlI2tEsXVYR9b4Q/getUpdates "HTTP/1.1 200 OK"
2025-02-12 15:55:45,912 - httpx - INFO - HTTP Request: POST https://api.telegram.org/bot7093719129:AAE3ny7_m5SoEpXWsZs-MlI2tEsXVYR9b4Q/getUpdates "HTTP/1.1 200 OK"
2025-02-12 15:55:56,028 - httpx - INFO - HTTP Request: POST https://api.telegram.org/bot7093719129:AAE3ny7_m5SoEpXWsZs-MlI2tEsXVYR9b4Q/getUpdates "HTTP/1.1 200 OK"
2025-02-12 15:56:06,140 - httpx - INFO - HTTP Request: POST https://api.telegram.org/bot7093719129:AAE3ny7_m5SoEpXWsZs-MlI2tEsXVYR9b4Q/getUpdates "HTTP/1.1 200 OK"
2025-02-12 15:56:16,263 - httpx - INFO - HTTP Request: POST https://api.telegram.org/bot7093719129:AAE3ny7_m5SoEpXWsZs-MlI2tEsXVYR9b4Q/getUpdates "HTTP/1.1 200 OK"
2025-02-12 15:56:26,399 - httpx - INFO - HTTP Request: POST https://api.telegram.org/bot7093719129:AAE3ny7_m5SoEpXWsZs-MlI2tEsXVYR9b4Q/getUpdates "HTTP/1.1 200 OK"
2025-02-12 15:56:36,533 - httpx - INFO - HTTP Request: POST https://api.telegram.org/bot7093719129:AAE3ny7_m5SoEpXWsZs-MlI2tEsXVYR9b4Q/getUpdates "HTTP/1.1 200 OK"
2025-02-12 15:56:46,691 - httpx - INFO - HTTP Request: POST https://api.telegram.org/bot7093719129:AAE3ny7_m5SoEpXWsZs-MlI2tEsXVYR9b4Q/getUpdates "HTTP/1.1 200 OK"
2025-02-12 15:56:56,806 - httpx - INFO - HTTP Request: POST https://api.telegram.org/bot7093719129:AAE3ny7_m5SoEpXWsZs-MlI2tEsXVYR9b4Q/getUpdates "HTTP/1.1 200 OK"
2025-02-12 15:57:06,924 - httpx - INFO - HTTP Request: POST https://api.telegram.org/bot7093719129:AAE3ny7_m5SoEpXWsZs-MlI2tEsXVYR9b4Q/getUpdates "HTTP/1.1 200 OK"
2025-02-12 15:57:17,022 - httpx - INFO - HTTP Request: POST https://api.telegram.org/bot7093719129:AAE3ny7_m5SoEpXWsZs-MlI2tEsXVYR9b4Q/getUpdates "HTTP/1.1 200 OK"
2025-02-12 15:57:27,185 - httpx - INFO - HTTP Request: POST https://api.telegram.org/bot7093719129:AAE3ny7_m5SoEpXWsZs-MlI2tEsXVYR9b4Q/getUpdates "HTTP/1.1 200 OK"
2025-02-12 15:57:37,292 - httpx - INFO - HTTP Request: POST https://api.telegram.org/bot7093719129:AAE3ny7_m5SoEpXWsZs-MlI2tEsXVYR9b4Q/getUpdates "HTTP/1.1 200 OK"
2025-02-12 15:57:47,404 - httpx - INFO - HTTP Request: POST https://api.telegram.org/bot7093719129:AAE3ny7_m5SoEpXWsZs-MlI2tEsXVYR9b4Q/getUpdates "HTTP/1.1 200 OK"
2025-02-12 15:57:57,545 - httpx - INFO - HTTP Request: POST https://api.telegram.org/bot7093719129:AAE3ny7_m5SoEpXWsZs-MlI2tEsXVYR9b4Q/getUpdates "HTTP/1.1 200 OK"
2025-02-12 15:58:07,660 - httpx - INFO - HTTP Request: POST https://api.telegram.org/bot7093719129:AAE3ny7_m5SoEpXWsZs-MlI2tEsXVYR9b4Q/getUpdates "HTTP/1.1 200 OK"
2025-02-12 15:58:17,783 - httpx - INFO - HTTP Request: POST https://api.telegram.org/bot7093719129:AAE3ny7_m5SoEpXWsZs-MlI2tEsXVYR9b4Q/getUpdates "HTTP/1.1 200 OK"
2025-02-12 15:58:27,894 - httpx - INFO - HTTP Request: POST https://api.telegram.org/bot7093719129:AAE3ny7_m5SoEpXWsZs-MlI2tEsXVYR9b4Q/getUpdates "HTTP/1.1 200 OK"
2025-02-12 15:58:38,000 - httpx - INFO - HTTP Request: POST https://api.telegram.org/bot7093719129:AAE3ny7_m5SoEpXWsZs-MlI2tEsXVYR9b4Q/getUpdates "HTTP/1.1 200 OK"
2025-02-12 15:58:48,116 - httpx - INFO - HTTP Request: POST https://api.telegram.org/bot7093719129:AAE3ny7_m5SoEpXWsZs-MlI2tEsXVYR9b4Q/getUpdates "HTTP/1.1 200 OK"
2025-02-12 15:58:58,231 - httpx - INFO - HTTP Request: POST https://api.telegram.org/bot7093719129:AAE3ny7_m5SoEpXWsZs-MlI2tEsXVYR9b4Q/getUpdates "HTTP/1.1 200 OK"
2025-02-12 15:59:08,408 - httpx - INFO - HTTP Request: POST https://api.telegram.org/bot7093719129:AAE3ny7_m5SoEpXWsZs-MlI2tEsXVYR9b4Q/getUpdates "HTTP/1.1 200 OK"
2025-02-12 15:59:18,514 - httpx - INFO - HTTP Request: POST https://api.telegram.org/bot7093719129:AAE3ny7_m5SoEpXWsZs-MlI2tEsXVYR9b4Q/getUpdates "HTTP/1.1 200 OK"
2025-02-12 15:59:28,641 - httpx - INFO - HTTP Request: POST https://api.telegram.org/bot7093719129:AAE3ny7_m5SoEpXWsZs-MlI2tEsXVYR9b4Q/getUpdates "HTTP/1.1 200 OK"
2025-02-12 15:59:38,752 - httpx - INFO - HTTP Request: POST https://api.telegram.org/bot7093719129:AAE3ny7_m5SoEpXWsZs-MlI2tEsXVYR9b4Q/getUpdates "HTTP/1.1 200 OK"
2025-02-12 15:59:48,880 - httpx - INFO - HTTP Request: POST https://api.telegram.org/bot7093719129:AAE3ny7_m5SoEpXWsZs-MlI2tEsXVYR9b4Q/getUpdates "HTTP/1.1 200 OK"
2025-02-12 15:59:58,993 - httpx - INFO - HTTP Request: POST https://api.telegram.org/bot7093719129:AAE3ny7_m5SoEpXWsZs-MlI2tEsXVYR9b4Q/getUpdates "HTTP/1.1 200 OK"
2025-02-12 16:00:09,134 - httpx - INFO - HTTP Request: POST https://api.telegram.org/bot7093719129:AAE3ny7_m5SoEpXWsZs-MlI2tEsXVYR9b4Q/getUpdates "HTTP/1.1 200 OK"
2025-02-12 16:00:19,254 - httpx - INFO - HTTP Request: POST https://api.telegram.org/bot7093719129:AAE3ny7_m5SoEpXWsZs-MlI2tEsXVYR9b4Q/getUpdates "HTTP/1.1 200 OK"
2025-02-12 16:00:29,375 - httpx - INFO - HTTP Request: POST https://api.telegram.org/bot7093719129:AAE3ny7_m5SoEpXWsZs-MlI2tEsXVYR9b4Q/getUpdates "HTTP/1.1 200 OK"
2025-02-12 16:00:39,507 - httpx - INFO - HTTP Request: POST https://api.telegram.org/bot7093719129:AAE3ny7_m5SoEpXWsZs-MlI2tEsXVYR9b4Q/getUpdates "HTTP/1.1 200 OK"
2025-02-12 16:00:49,622 - httpx - INFO - HTTP Request: POST https://api.telegram.org/bot7093719129:AAE3ny7_m5SoEpXWsZs-MlI2tEsXVYR9b4Q/getUpdates "HTTP/1.1 200 OK"
2025-02-12 16:00:59,765 - httpx - INFO - HTTP Request: POST https://api.telegram.org/bot7093719129:AAE3ny7_m5SoEpXWsZs-MlI2tEsXVYR9b4Q/getUpdates "HTTP/1.1 200 OK"
2025-02-12 16:01:09,887 - httpx - INFO - HTTP Request: POST https://api.telegram.org/bot7093719129:AAE3ny7_m5SoEpXWsZs-MlI2tEsXVYR9b4Q/getUpdates "HTTP/1.1 200 OK"
2025-02-12 16:01:19,997 - httpx - INFO - HTTP Request: POST https://api.telegram.org/bot7093719129:AAE3ny7_m5SoEpXWsZs-MlI2tEsXVYR9b4Q/getUpdates "HTTP/1.1 200 OK"
2025-02-12 16:01:30,115 - httpx - INFO - HTTP Request: POST https://api.telegram.org/bot7093719129:AAE3ny7_m5SoEpXWsZs-MlI2tEsXVYR9b4Q/getUpdates "HTTP/1.1 200 OK"
2025-02-12 16:01:40,296 - httpx - INFO - HTTP Request: POST https://api.telegram.org/bot7093719129:AAE3ny7_m5SoEpXWsZs-MlI2tEsXVYR9b4Q/getUpdates "HTTP/1.1 200 OK"
2025-02-12 16:01:50,404 - httpx - INFO - HTTP Request: POST https://api.telegram.org/bot7093719129:AAE3ny7_m5SoEpXWsZs-MlI2tEsXVYR9b4Q/getUpdates "HTTP/1.1 200 OK"
2025-02-12 16:02:00,530 - httpx - INFO - HTTP Request: POST https://api.telegram.org/bot7093719129:AAE3ny7_m5SoEpXWsZs-MlI2tEsXVYR9b4Q/getUpdates "HTTP/1.1 200 OK"
2025-02-12 16:02:10,643 - httpx - INFO - HTTP Request: POST https://api.telegram.org/bot7093719129:AAE3ny7_m5SoEpXWsZs-MlI2tEsXVYR9b4Q/getUpdates "HTTP/1.1 200 OK"
2025-02-12 16:02:20,760 - httpx - INFO - HTTP Request: POST https://api.telegram.org/bot7093719129:AAE3ny7_m5SoEpXWsZs-MlI2tEsXVYR9b4Q/getUpdates "HTTP/1.1 200 OK"
2025-02-12 16:02:30,954 - httpx - INFO - HTTP Request: POST https://api.telegram.org/bot7093719129:AAE3ny7_m5SoEpXWsZs-MlI2tEsXVYR9b4Q/getUpdates "HTTP/1.1 200 OK"
2025-02-12 16:02:41,068 - httpx - INFO - HTTP Request: POST https://api.telegram.org/bot7093719129:AAE3ny7_m5SoEpXWsZs-MlI2tEsXVYR9b4Q/getUpdates "HTTP/1.1 200 OK"
2025-02-12 16:02:51,190 - httpx - INFO - HTTP Request: POST https://api.telegram.org/bot7093719129:AAE3ny7_m5SoEpXWsZs-MlI2tEsXVYR9b4Q/getUpdates "HTTP/1.1 200 OK"
2025-02-12 16:03:01,336 - httpx - INFO - HTTP Request: POST https://api.telegram.org/bot7093719129:AAE3ny7_m5SoEpXWsZs-MlI2tEsXVYR9b4Q/getUpdates "HTTP/1.1 200 OK"
2025-02-12 16:03:11,461 - httpx - INFO - HTTP Request: POST https://api.telegram.org/bot7093719129:AAE3ny7_m5SoEpXWsZs-MlI2tEsXVYR9b4Q/getUpdates "HTTP/1.1 200 OK"
2025-02-12 16:03:21,643 - httpx - INFO - HTTP Request: POST https://api.telegram.org/bot7093719129:AAE3ny7_m5SoEpXWsZs-MlI2tEsXVYR9b4Q/getUpdates "HTTP/1.1 200 OK"
2025-02-12 16:03:31,764 - httpx - INFO - HTTP Request: POST https://api.telegram.org/bot7093719129:AAE3ny7_m5SoEpXWsZs-MlI2tEsXVYR9b4Q/getUpdates "HTTP/1.1 200 OK"
2025-02-12 16:03:41,880 - httpx - INFO - HTTP Request: POST https://api.telegram.org/bot7093719129:AAE3ny7_m5SoEpXWsZs-MlI2tEsXVYR9b4Q/getUpdates "HTTP/1.1 200 OK"
2025-02-12 16:03:52,001 - httpx - INFO - HTTP Request: POST https://api.telegram.org/bot7093719129:AAE3ny7_m5SoEpXWsZs-MlI2tEsXVYR9b4Q/getUpdates "HTTP/1.1 200 OK"
2025-02-12 16:04:02,112 - httpx - INFO - HTTP Request: POST https://api.telegram.org/bot7093719129:AAE3ny7_m5SoEpXWsZs-MlI2tEsXVYR9b4Q/getUpdates "HTTP/1.1 200 OK"
2025-02-12 16:04:12,221 - httpx - INFO - HTTP Request: POST https://api.telegram.org/bot7093719129:AAE3ny7_m5SoEpXWsZs-MlI2tEsXVYR9b4Q/getUpdates "HTTP/1.1 200 OK"
2025-02-12 16:04:22,361 - httpx - INFO - HTTP Request: POST https://api.telegram.org/bot7093719129:AAE3ny7_m5SoEpXWsZs-MlI2tEsXVYR9b4Q/getUpdates "HTTP/1.1 200 OK"
2025-02-12 16:04:32,468 - httpx - INFO - HTTP Request: POST https://api.telegram.org/bot7093719129:AAE3ny7_m5SoEpXWsZs-MlI2tEsXVYR9b4Q/getUpdates "HTTP/1.1 200 OK"
2025-02-12 16:04:42,598 - httpx - INFO - HTTP Request: POST https://api.telegram.org/bot7093719129:AAE3ny7_m5SoEpXWsZs-MlI2tEsXVYR9b4Q/getUpdates "HTTP/1.1 200 OK"
2025-02-12 16:04:52,780 - httpx - INFO - HTTP Request: POST https://api.telegram.org/bot7093719129:AAE3ny7_m5SoEpXWsZs-MlI2tEsXVYR9b4Q/getUpdates "HTTP/1.1 200 OK"
2025-02-12 16:05:02,920 - httpx - INFO - HTTP Request: POST https://api.telegram.org/bot7093719129:AAE3ny7_m5SoEpXWsZs-MlI2tEsXVYR9b4Q/getUpdates "HTTP/1.1 200 OK"
2025-02-12 16:05:13,038 - httpx - INFO - HTTP Request: POST https://api.telegram.org/bot7093719129:AAE3ny7_m5SoEpXWsZs-MlI2tEsXVYR9b4Q/getUpdates "HTTP/1.1 200 OK"
2025-02-12 16:05:23,154 - httpx - INFO - HTTP Request: POST https://api.telegram.org/bot7093719129:AAE3ny7_m5SoEpXWsZs-MlI2tEsXVYR9b4Q/getUpdates "HTTP/1.1 200 OK"
2025-02-12 16:05:33,376 - httpx - INFO - HTTP Request: POST https://api.telegram.org/bot7093719129:AAE3ny7_m5SoEpXWsZs-MlI2tEsXVYR9b4Q/getUpdates "HTTP/1.1 200 OK"
2025-02-12 16:05:43,485 - httpx - INFO - HTTP Request: POST https://api.telegram.org/bot7093719129:AAE3ny7_m5SoEpXWsZs-MlI2tEsXVYR9b4Q/getUpdates "HTTP/1.1 200 OK"
2025-02-12 16:05:53,613 - httpx - INFO - HTTP Request: POST https://api.telegram.org/bot7093719129:AAE3ny7_m5SoEpXWsZs-MlI2tEsXVYR9b4Q/getUpdates "HTTP/1.1 200 OK"
2025-02-12 16:06:03,716 - httpx - INFO - HTTP Request: POST https://api.telegram.org/bot7093719129:AAE3ny7_m5SoEpXWsZs-MlI2tEsXVYR9b4Q/getUpdates "HTTP/1.1 200 OK"
2025-02-12 16:06:13,847 - httpx - INFO - HTTP Request: POST https://api.telegram.org/bot7093719129:AAE3ny7_m5SoEpXWsZs-MlI2tEsXVYR9b4Q/getUpdates "HTTP/1.1 200 OK"
2025-02-12 16:06:24,020 - httpx - INFO - HTTP Request: POST https://api.telegram.org/bot7093719129:AAE3ny7_m5SoEpXWsZs-MlI2tEsXVYR9b4Q/getUpdates "HTTP/1.1 200 OK"
2025-02-12 16:06:34,160 - httpx - INFO - HTTP Request: POST https://api.telegram.org/bot7093719129:AAE3ny7_m5SoEpXWsZs-MlI2tEsXVYR9b4Q/getUpdates "HTTP/1.1 200 OK"
2025-02-12 16:06:44,275 - httpx - INFO - HTTP Request: POST https://api.telegram.org/bot7093719129:AAE3ny7_m5SoEpXWsZs-MlI2tEsXVYR9b4Q/getUpdates "HTTP/1.1 200 OK"
2025-02-12 16:06:54,699 - httpx - INFO - HTTP Request: POST https://api.telegram.org/bot7093719129:AAE3ny7_m5SoEpXWsZs-MlI2tEsXVYR9b4Q/getUpdates "HTTP/1.1 200 OK"
2025-02-12 16:07:04,810 - httpx - INFO - HTTP Request: POST https://api.telegram.org/bot7093719129:AAE3ny7_m5SoEpXWsZs-MlI2tEsXVYR9b4Q/getUpdates "HTTP/1.1 200 OK"
2025-02-12 16:07:14,930 - httpx - INFO - HTTP Request: POST https://api.telegram.org/bot7093719129:AAE3ny7_m5SoEpXWsZs-MlI2tEsXVYR9b4Q/getUpdates "HTTP/1.1 200 OK"
2025-02-12 16:07:25,049 - httpx - INFO - HTTP Request: POST https://api.telegram.org/bot7093719129:AAE3ny7_m5SoEpXWsZs-MlI2tEsXVYR9b4Q/getUpdates "HTTP/1.1 200 OK"
2025-02-12 16:09:53,278 - __main__ - INFO - Bot starting...
2025-02-12 16:09:53,855 - httpx - INFO - HTTP Request: POST https://api.telegram.org/bot7093719129:AAE3ny7_m5SoEpXWsZs-MlI2tEsXVYR9b4Q/getMe "HTTP/1.1 200 OK"
2025-02-12 16:09:53,963 - httpx - INFO - HTTP Request: POST https://api.telegram.org/bot7093719129:AAE3ny7_m5SoEpXWsZs-MlI2tEsXVYR9b4Q/deleteWebhook "HTTP/1.1 200 OK"
2025-02-12 16:09:53,968 - telegram.ext.Application - INFO - Application started
2025-02-12 16:10:04,293 - httpx - INFO - HTTP Request: POST https://api.telegram.org/bot7093719129:AAE3ny7_m5SoEpXWsZs-MlI2tEsXVYR9b4Q/getUpdates "HTTP/1.1 200 OK"
2025-02-12 16:10:05,157 - httpx - INFO - HTTP Request: POST https://api.telegram.org/bot7093719129:AAE3ny7_m5SoEpXWsZs-MlI2tEsXVYR9b4Q/getUpdates "HTTP/1.1 200 OK"
2025-02-12 16:10:05,498 - httpx - INFO - HTTP Request: POST https://api.telegram.org/bot7093719129:AAE3ny7_m5SoEpXWsZs-MlI2tEsXVYR9b4Q/sendMessage "HTTP/1.1 200 OK"
2025-02-12 16:10:05,628 - httpx - INFO - HTTP Request: POST https://api.telegram.org/bot7093719129:AAE3ny7_m5SoEpXWsZs-MlI2tEsXVYR9b4Q/sendMessage "HTTP/1.1 200 OK"
2025-02-12 16:10:05,630 - __main__ - INFO - Welcome message sent to user 8087826607
2025-02-12 16:10:15,275 - httpx - INFO - HTTP Request: POST https://api.telegram.org/bot7093719129:AAE3ny7_m5SoEpXWsZs-MlI2tEsXVYR9b4Q/getUpdates "HTTP/1.1 200 OK"
2025-02-12 16:10:25,388 - httpx - INFO - HTTP Request: POST https://api.telegram.org/bot7093719129:AAE3ny7_m5SoEpXWsZs-MlI2tEsXVYR9b4Q/getUpdates "HTTP/1.1 200 OK"
2025-02-12 16:10:35,504 - httpx - INFO - HTTP Request: POST https://api.telegram.org/bot7093719129:AAE3ny7_m5SoEpXWsZs-MlI2tEsXVYR9b4Q/getUpdates "HTTP/1.1 200 OK"
2025-02-12 16:10:44,786 - httpx - INFO - HTTP Request: POST https://api.telegram.org/bot7093719129:AAE3ny7_m5SoEpXWsZs-MlI2tEsXVYR9b4Q/getUpdates "HTTP/1.1 200 OK"
2025-02-12 16:10:45,193 - httpx - INFO - HTTP Request: POST https://api.telegram.org/bot7093719129:AAE3ny7_m5SoEpXWsZs-MlI2tEsXVYR9b4Q/forwardMessage "HTTP/1.1 200 OK"
2025-02-12 16:10:45,354 - httpx - INFO - HTTP Request: POST https://api.telegram.org/bot7093719129:AAE3ny7_m5SoEpXWsZs-MlI2tEsXVYR9b4Q/sendMessage "HTTP/1.1 200 OK"
2025-02-12 16:10:45,625 - httpx - INFO - HTTP Request: POST https://api.telegram.org/bot7093719129:AAE3ny7_m5SoEpXWsZs-MlI2tEsXVYR9b4Q/sendMessage "HTTP/1.1 200 OK"
2025-02-12 16:10:54,904 - httpx - INFO - HTTP Request: POST https://api.telegram.org/bot7093719129:AAE3ny7_m5SoEpXWsZs-MlI2tEsXVYR9b4Q/getUpdates "HTTP/1.1 200 OK"
2025-02-12 16:11:05,024 - httpx - INFO - HTTP Request: POST https://api.telegram.org/bot7093719129:AAE3ny7_m5SoEpXWsZs-MlI2tEsXVYR9b4Q/getUpdates "HTTP/1.1 200 OK"
2025-02-12 16:11:13,065 - httpx - INFO - HTTP Request: POST https://api.telegram.org/bot7093719129:AAE3ny7_m5SoEpXWsZs-MlI2tEsXVYR9b4Q/getUpdates "HTTP/1.1 200 OK"
2025-02-12 16:11:13,515 - httpx - INFO - HTTP Request: POST https://api.telegram.org/bot7093719129:AAE3ny7_m5SoEpXWsZs-MlI2tEsXVYR9b4Q/forwardMessage "HTTP/1.1 200 OK"
2025-02-12 16:11:13,755 - httpx - INFO - HTTP Request: POST https://api.telegram.org/bot7093719129:AAE3ny7_m5SoEpXWsZs-MlI2tEsXVYR9b4Q/sendMessage "HTTP/1.1 200 OK"
2025-02-12 16:11:13,973 - httpx - INFO - HTTP Request: POST https://api.telegram.org/bot7093719129:AAE3ny7_m5SoEpXWsZs-MlI2tEsXVYR9b4Q/sendMessage "HTTP/1.1 200 OK"
2025-02-12 16:11:23,179 - httpx - INFO - HTTP Request: POST https://api.telegram.org/bot7093719129:AAE3ny7_m5SoEpXWsZs-MlI2tEsXVYR9b4Q/getUpdates "HTTP/1.1 200 OK"
2025-02-12 16:11:33,290 - httpx - INFO - HTTP Request: POST https://api.telegram.org/bot7093719129:AAE3ny7_m5SoEpXWsZs-MlI2tEsXVYR9b4Q/getUpdates "HTTP/1.1 200 OK"
2025-02-12 16:11:43,510 - httpx - INFO - HTTP Request: POST https://api.telegram.org/bot7093719129:AAE3ny7_m5SoEpXWsZs-MlI2tEsXVYR9b4Q/getUpdates "HTTP/1.1 200 OK"
2025-02-12 16:11:51,265 - httpx - INFO - HTTP Request: POST https://api.telegram.org/bot7093719129:AAE3ny7_m5SoEpXWsZs-MlI2tEsXVYR9b4Q/getUpdates "HTTP/1.1 200 OK"
2025-02-12 16:11:51,698 - httpx - INFO - HTTP Request: POST https://api.telegram.org/bot7093719129:AAE3ny7_m5SoEpXWsZs-MlI2tEsXVYR9b4Q/answerCallbackQuery "HTTP/1.1 200 OK"
2025-02-12 16:11:51,815 - httpx - INFO - HTTP Request: POST https://api.telegram.org/bot7093719129:AAE3ny7_m5SoEpXWsZs-MlI2tEsXVYR9b4Q/editMessageText "HTTP/1.1 400 Bad Request"
2025-02-12 16:11:51,816 - __main__ - ERROR - Error in social_links_callback: Button_url_invalid
2025-02-12 16:12:01,431 - httpx - INFO - HTTP Request: POST https://api.telegram.org/bot7093719129:AAE3ny7_m5SoEpXWsZs-MlI2tEsXVYR9b4Q/getUpdates "HTTP/1.1 200 OK"
2025-02-12 16:12:11,571 - httpx - INFO - HTTP Request: POST https://api.telegram.org/bot7093719129:AAE3ny7_m5SoEpXWsZs-MlI2tEsXVYR9b4Q/getUpdates "HTTP/1.1 200 OK"
2025-02-12 16:12:21,683 - httpx - INFO - HTTP Request: POST https://api.telegram.org/bot7093719129:AAE3ny7_m5SoEpXWsZs-MlI2tEsXVYR9b4Q/getUpdates "HTTP/1.1 200 OK"
2025-02-12 16:12:31,782 - httpx - INFO - HTTP Request: POST https://api.telegram.org/bot7093719129:AAE3ny7_m5SoEpXWsZs-MlI2tEsXVYR9b4Q/getUpdates "HTTP/1.1 200 OK"
2025-02-12 16:12:41,902 - httpx - INFO - HTTP Request: POST https://api.telegram.org/bot7093719129:AAE3ny7_m5SoEpXWsZs-MlI2tEsXVYR9b4Q/getUpdates "HTTP/1.1 200 OK"
2025-02-12 16:12:52,016 - httpx - INFO - HTTP Request: POST https://api.telegram.org/bot7093719129:AAE3ny7_m5SoEpXWsZs-MlI2tEsXVYR9b4Q/getUpdates "HTTP/1.1 200 OK"
2025-02-12 16:13:02,127 - httpx - INFO - HTTP Request: POST https://api.telegram.org/bot7093719129:AAE3ny7_m5SoEpXWsZs-MlI2tEsXVYR9b4Q/getUpdates "HTTP/1.1 200 OK"
2025-02-12 16:13:12,263 - httpx - INFO - HTTP Request: POST https://api.telegram.org/bot7093719129:AAE3ny7_m5SoEpXWsZs-MlI2tEsXVYR9b4Q/getUpdates "HTTP/1.1 200 OK"
2025-02-12 16:13:22,365 - httpx - INFO - HTTP Request: POST https://api.telegram.org/bot7093719129:AAE3ny7_m5SoEpXWsZs-MlI2tEsXVYR9b4Q/getUpdates "HTTP/1.1 200 OK"
2025-02-12 16:13:32,473 - httpx - INFO - HTTP Request: POST https://api.telegram.org/bot7093719129:AAE3ny7_m5SoEpXWsZs-MlI2tEsXVYR9b4Q/getUpdates "HTTP/1.1 200 OK"
2025-02-12 16:13:42,604 - httpx - INFO - HTTP Request: POST https://api.telegram.org/bot7093719129:AAE3ny7_m5SoEpXWsZs-MlI2tEsXVYR9b4Q/getUpdates "HTTP/1.1 200 OK"
2025-02-12 16:13:52,732 - httpx - INFO - HTTP Request: POST https://api.telegram.org/bot7093719129:AAE3ny7_m5SoEpXWsZs-MlI2tEsXVYR9b4Q/getUpdates "HTTP/1.1 200 OK"
2025-02-12 16:14:02,968 - httpx - INFO - HTTP Request: POST https://api.telegram.org/bot7093719129:AAE3ny7_m5SoEpXWsZs-MlI2tEsXVYR9b4Q/getUpdates "HTTP/1.1 200 OK"
2025-02-12 16:14:13,112 - httpx - INFO - HTTP Request: POST https://api.telegram.org/bot7093719129:AAE3ny7_m5SoEpXWsZs-MlI2tEsXVYR9b4Q/getUpdates "HTTP/1.1 200 OK"
2025-02-12 16:14:23,251 - httpx - INFO - HTTP Request: POST https://api.telegram.org/bot7093719129:AAE3ny7_m5SoEpXWsZs-MlI2tEsXVYR9b4Q/getUpdates "HTTP/1.1 200 OK"
2025-02-12 16:14:33,375 - httpx - INFO - HTTP Request: POST https://api.telegram.org/bot7093719129:AAE3ny7_m5SoEpXWsZs-MlI2tEsXVYR9b4Q/getUpdates "HTTP/1.1 200 OK"
2025-02-12 16:14:43,529 - httpx - INFO - HTTP Request: POST https://api.telegram.org/bot7093719129:AAE3ny7_m5SoEpXWsZs-MlI2tEsXVYR9b4Q/getUpdates "HTTP/1.1 200 OK"
2025-02-12 16:14:53,667 - httpx - INFO - HTTP Request: POST https://api.telegram.org/bot7093719129:AAE3ny7_m5SoEpXWsZs-MlI2tEsXVYR9b4Q/getUpdates "HTTP/1.1 200 OK"
2025-02-12 16:15:03,812 - httpx - INFO - HTTP Request: POST https://api.telegram.org/bot7093719129:AAE3ny7_m5SoEpXWsZs-MlI2tEsXVYR9b4Q/getUpdates "HTTP/1.1 200 OK"
2025-02-12 16:15:13,926 - httpx - INFO - HTTP Request: POST https://api.telegram.org/bot7093719129:AAE3ny7_m5SoEpXWsZs-MlI2tEsXVYR9b4Q/getUpdates "HTTP/1.1 200 OK"
2025-02-12 16:15:24,035 - httpx - INFO - HTTP Request: POST https://api.telegram.org/bot7093719129:AAE3ny7_m5SoEpXWsZs-MlI2tEsXVYR9b4Q/getUpdates "HTTP/1.1 200 OK"
2025-02-12 16:15:34,136 - httpx - INFO - HTTP Request: POST https://api.telegram.org/bot7093719129:AAE3ny7_m5SoEpXWsZs-MlI2tEsXVYR9b4Q/getUpdates "HTTP/1.1 200 OK"
2025-02-12 16:15:44,259 - httpx - INFO - HTTP Request: POST https://api.telegram.org/bot7093719129:AAE3ny7_m5SoEpXWsZs-MlI2tEsXVYR9b4Q/getUpdates "HTTP/1.1 200 OK"
2025-02-12 16:15:54,373 - httpx - INFO - HTTP Request: POST https://api.telegram.org/bot7093719129:AAE3ny7_m5SoEpXWsZs-MlI2tEsXVYR9b4Q/getUpdates "HTTP/1.1 200 OK"
2025-02-12 16:16:04,492 - httpx - INFO - HTTP Request: POST https://api.telegram.org/bot7093719129:AAE3ny7_m5SoEpXWsZs-MlI2tEsXVYR9b4Q/getUpdates "HTTP/1.1 200 OK"
2025-02-12 16:16:14,606 - httpx - INFO - HTTP Request: POST https://api.telegram.org/bot7093719129:AAE3ny7_m5SoEpXWsZs-MlI2tEsXVYR9b4Q/getUpdates "HTTP/1.1 200 OK"
2025-02-12 16:16:24,723 - httpx - INFO - HTTP Request: POST https://api.telegram.org/bot7093719129:AAE3ny7_m5SoEpXWsZs-MlI2tEsXVYR9b4Q/getUpdates "HTTP/1.1 200 OK"
2025-02-12 16:16:34,827 - httpx - INFO - HTTP Request: POST https://api.telegram.org/bot7093719129:AAE3ny7_m5SoEpXWsZs-MlI2tEsXVYR9b4Q/getUpdates "HTTP/1.1 200 OK"
2025-02-12 16:16:44,950 - httpx - INFO - HTTP Request: POST https://api.telegram.org/bot7093719129:AAE3ny7_m5SoEpXWsZs-MlI2tEsXVYR9b4Q/getUpdates "HTTP/1.1 200 OK"
2025-02-12 16:16:55,057 - httpx - INFO - HTTP Request: POST https://api.telegram.org/bot7093719129:AAE3ny7_m5SoEpXWsZs-MlI2tEsXVYR9b4Q/getUpdates "HTTP/1.1 200 OK"
2025-02-12 16:17:05,169 - httpx - INFO - HTTP Request: POST https://api.telegram.org/bot7093719129:AAE3ny7_m5SoEpXWsZs-MlI2tEsXVYR9b4Q/getUpdates "HTTP/1.1 200 OK"
2025-02-12 16:17:15,286 - httpx - INFO - HTTP Request: POST https://api.telegram.org/bot7093719129:AAE3ny7_m5SoEpXWsZs-MlI2tEsXVYR9b4Q/getUpdates "HTTP/1.1 200 OK"
2025-02-12 16:17:25,401 - httpx - INFO - HTTP Request: POST https://api.telegram.org/bot7093719129:AAE3ny7_m5SoEpXWsZs-MlI2tEsXVYR9b4Q/getUpdates "HTTP/1.1 200 OK"
2025-02-12 16:17:35,565 - httpx - INFO - HTTP Request: POST https://api.telegram.org/bot7093719129:AAE3ny7_m5SoEpXWsZs-MlI2tEsXVYR9b4Q/getUpdates "HTTP/1.1 200 OK"
2025-02-12 16:17:45,731 - httpx - INFO - HTTP Request: POST https://api.telegram.org/bot7093719129:AAE3ny7_m5SoEpXWsZs-MlI2tEsXVYR9b4Q/getUpdates "HTTP/1.1 200 OK"
2025-02-12 16:17:55,847 - httpx - INFO - HTTP Request: POST https://api.telegram.org/bot7093719129:AAE3ny7_m5SoEpXWsZs-MlI2tEsXVYR9b4Q/getUpdates "HTTP/1.1 200 OK"
2025-02-12 16:18:05,956 - httpx - INFO - HTTP Request: POST https://api.telegram.org/bot7093719129:AAE3ny7_m5SoEpXWsZs-MlI2tEsXVYR9b4Q/getUpdates "HTTP/1.1 200 OK"
2025-02-12 16:18:16,114 - httpx - INFO - HTTP Request: POST https://api.telegram.org/bot7093719129:AAE3ny7_m5SoEpXWsZs-MlI2tEsXVYR9b4Q/getUpdates "HTTP/1.1 200 OK"
2025-02-12 16:18:26,252 - httpx - INFO - HTTP Request: POST https://api.telegram.org/bot7093719129:AAE3ny7_m5SoEpXWsZs-MlI2tEsXVYR9b4Q/getUpdates "HTTP/1.1 200 OK"
2025-02-12 16:18:36,369 - httpx - INFO - HTTP Request: POST https://api.telegram.org/bot7093719129:AAE3ny7_m5SoEpXWsZs-MlI2tEsXVYR9b4Q/getUpdates "HTTP/1.1 200 OK"
2025-02-12 16:18:46,483 - httpx - INFO - HTTP Request: POST https://api.telegram.org/bot7093719129:AAE3ny7_m5SoEpXWsZs-MlI2tEsXVYR9b4Q/getUpdates "HTTP/1.1 200 OK"
2025-02-12 16:18:56,589 - httpx - INFO - HTTP Request: POST https://api.telegram.org/bot7093719129:AAE3ny7_m5SoEpXWsZs-MlI2tEsXVYR9b4Q/getUpdates "HTTP/1.1 200 OK"
2025-02-12 16:19:06,694 - httpx - INFO - HTTP Request: POST https://api.telegram.org/bot7093719129:AAE3ny7_m5SoEpXWsZs-MlI2tEsXVYR9b4Q/getUpdates "HTTP/1.1 200 OK"
2025-02-12 16:19:16,810 - httpx - INFO - HTTP Request: POST https://api.telegram.org/bot7093719129:AAE3ny7_m5SoEpXWsZs-MlI2tEsXVYR9b4Q/getUpdates "HTTP/1.1 200 OK"
2025-02-12 16:19:26,926 - httpx - INFO - HTTP Request: POST https://api.telegram.org/bot7093719129:AAE3ny7_m5SoEpXWsZs-MlI2tEsXVYR9b4Q/getUpdates "HTTP/1.1 200 OK"
2025-02-12 16:19:37,036 - httpx - INFO - HTTP Request: POST https://api.telegram.org/bot7093719129:AAE3ny7_m5SoEpXWsZs-MlI2tEsXVYR9b4Q/getUpdates "HTTP/1.1 200 OK"
2025-02-12 16:19:47,140 - httpx - INFO - HTTP Request: POST https://api.telegram.org/bot7093719129:AAE3ny7_m5SoEpXWsZs-MlI2tEsXVYR9b4Q/getUpdates "HTTP/1.1 200 OK"
2025-02-12 16:19:57,243 - httpx - INFO - HTTP Request: POST https://api.telegram.org/bot7093719129:AAE3ny7_m5SoEpXWsZs-MlI2tEsXVYR9b4Q/getUpdates "HTTP/1.1 200 OK"
2025-02-12 16:20:07,362 - httpx - INFO - HTTP Request: POST https://api.telegram.org/bot7093719129:AAE3ny7_m5SoEpXWsZs-MlI2tEsXVYR9b4Q/getUpdates "HTTP/1.1 200 OK"
2025-02-12 16:20:17,474 - httpx - INFO - HTTP Request: POST https://api.telegram.org/bot7093719129:AAE3ny7_m5SoEpXWsZs-MlI2tEsXVYR9b4Q/getUpdates "HTTP/1.1 200 OK"
2025-02-12 16:20:27,584 - httpx - INFO - HTTP Request: POST https://api.telegram.org/bot7093719129:AAE3ny7_m5SoEpXWsZs-MlI2tEsXVYR9b4Q/getUpdates "HTTP/1.1 200 OK"
2025-02-12 16:20:37,695 - httpx - INFO - HTTP Request: POST https://api.telegram.org/bot7093719129:AAE3ny7_m5SoEpXWsZs-MlI2tEsXVYR9b4Q/getUpdates "HTTP/1.1 200 OK"
2025-02-12 16:20:47,840 - httpx - INFO - HTTP Request: POST https://api.telegram.org/bot7093719129:AAE3ny7_m5SoEpXWsZs-MlI2tEsXVYR9b4Q/getUpdates "HTTP/1.1 200 OK"
2025-02-12 16:20:57,950 - httpx - INFO - HTTP Request: POST https://api.telegram.org/bot7093719129:AAE3ny7_m5SoEpXWsZs-MlI2tEsXVYR9b4Q/getUpdates "HTTP/1.1 200 OK"
2025-02-12 16:21:08,058 - httpx - INFO - HTTP Request: POST https://api.telegram.org/bot7093719129:AAE3ny7_m5SoEpXWsZs-MlI2tEsXVYR9b4Q/getUpdates "HTTP/1.1 200 OK"
2025-02-12 16:21:18,168 - httpx - INFO - HTTP Request: POST https://api.telegram.org/bot7093719129:AAE3ny7_m5SoEpXWsZs-MlI2tEsXVYR9b4Q/getUpdates "HTTP/1.1 200 OK"
2025-02-12 16:21:28,279 - httpx - INFO - HTTP Request: POST https://api.telegram.org/bot7093719129:AAE3ny7_m5SoEpXWsZs-MlI2tEsXVYR9b4Q/getUpdates "HTTP/1.1 200 OK"
2025-02-12 16:21:38,420 - httpx - INFO - HTTP Request: POST https://api.telegram.org/bot7093719129:AAE3ny7_m5SoEpXWsZs-MlI2tEsXVYR9b4Q/getUpdates "HTTP/1.1 200 OK"
2025-02-12 16:21:48,593 - httpx - INFO - HTTP Request: POST https://api.telegram.org/bot7093719129:AAE3ny7_m5SoEpXWsZs-MlI2tEsXVYR9b4Q/getUpdates "HTTP/1.1 200 OK"
2025-02-12 16:21:58,708 - httpx - INFO - HTTP Request: POST https://api.telegram.org/bot7093719129:AAE3ny7_m5SoEpXWsZs-MlI2tEsXVYR9b4Q/getUpdates "HTTP/1.1 200 OK"
2025-02-12 16:22:08,814 - httpx - INFO - HTTP Request: POST https://api.telegram.org/bot7093719129:AAE3ny7_m5SoEpXWsZs-MlI2tEsXVYR9b4Q/getUpdates "HTTP/1.1 200 OK"
2025-02-12 16:22:18,917 - httpx - INFO - HTTP Request: POST https://api.telegram.org/bot7093719129:AAE3ny7_m5SoEpXWsZs-MlI2tEsXVYR9b4Q/getUpdates "HTTP/1.1 200 OK"
2025-02-12 16:22:29,056 - httpx - INFO - HTTP Request: POST https://api.telegram.org/bot7093719129:AAE3ny7_m5SoEpXWsZs-MlI2tEsXVYR9b4Q/getUpdates "HTTP/1.1 200 OK"
2025-02-12 16:22:39,163 - httpx - INFO - HTTP Request: POST https://api.telegram.org/bot7093719129:AAE3ny7_m5SoEpXWsZs-MlI2tEsXVYR9b4Q/getUpdates "HTTP/1.1 200 OK"
2025-02-12 16:22:49,279 - httpx - INFO - HTTP Request: POST https://api.telegram.org/bot7093719129:AAE3ny7_m5SoEpXWsZs-MlI2tEsXVYR9b4Q/getUpdates "HTTP/1.1 200 OK"
2025-02-12 16:22:59,393 - httpx - INFO - HTTP Request: POST https://api.telegram.org/bot7093719129:AAE3ny7_m5SoEpXWsZs-MlI2tEsXVYR9b4Q/getUpdates "HTTP/1.1 200 OK"
2025-02-12 16:23:09,504 - httpx - INFO - HTTP Request: POST https://api.telegram.org/bot7093719129:AAE3ny7_m5SoEpXWsZs-MlI2tEsXVYR9b4Q/getUpdates "HTTP/1.1 200 OK"
2025-02-12 16:23:19,617 - httpx - INFO - HTTP Request: POST https://api.telegram.org/bot7093719129:AAE3ny7_m5SoEpXWsZs-MlI2tEsXVYR9b4Q/getUpdates "HTTP/1.1 200 OK"
2025-02-12 16:23:29,738 - httpx - INFO - HTTP Request: POST https://api.telegram.org/bot7093719129:AAE3ny7_m5SoEpXWsZs-MlI2tEsXVYR9b4Q/getUpdates "HTTP/1.1 200 OK"
2025-02-12 16:23:39,845 - httpx - INFO - HTTP Request: POST https://api.telegram.org/bot7093719129:AAE3ny7_m5SoEpXWsZs-MlI2tEsXVYR9b4Q/getUpdates "HTTP/1.1 200 OK"
2025-02-12 16:23:49,964 - httpx - INFO - HTTP Request: POST https://api.telegram.org/bot7093719129:AAE3ny7_m5SoEpXWsZs-MlI2tEsXVYR9b4Q/getUpdates "HTTP/1.1 200 OK"
2025-02-12 16:24:00,080 - httpx - INFO - HTTP Request: POST https://api.telegram.org/bot7093719129:AAE3ny7_m5SoEpXWsZs-MlI2tEsXVYR9b4Q/getUpdates "HTTP/1.1 200 OK"
2025-02-12 16:24:10,193 - httpx - INFO - HTTP Request: POST https://api.telegram.org/bot7093719129:AAE3ny7_m5SoEpXWsZs-MlI2tEsXVYR9b4Q/getUpdates "HTTP/1.1 200 OK"
2025-02-12 16:24:20,305 - httpx - INFO - HTTP Request: POST https://api.telegram.org/bot7093719129:AAE3ny7_m5SoEpXWsZs-MlI2tEsXVYR9b4Q/getUpdates "HTTP/1.1 200 OK"
2025-02-12 16:24:30,420 - httpx - INFO - HTTP Request: POST https://api.telegram.org/bot7093719129:AAE3ny7_m5SoEpXWsZs-MlI2tEsXVYR9b4Q/getUpdates "HTTP/1.1 200 OK"
2025-02-12 16:25:59,486 - __main__ - INFO - Bot starting...
2025-02-12 16:26:00,141 - httpx - INFO - HTTP Request: POST https://api.telegram.org/bot7093719129:AAE3ny7_m5SoEpXWsZs-MlI2tEsXVYR9b4Q/getMe "HTTP/1.1 200 OK"
2025-02-12 16:26:00,250 - httpx - INFO - HTTP Request: POST https://api.telegram.org/bot7093719129:AAE3ny7_m5SoEpXWsZs-MlI2tEsXVYR9b4Q/deleteWebhook "HTTP/1.1 200 OK"
2025-02-12 16:26:00,255 - telegram.ext.Application - INFO - Application started
2025-02-12 16:26:10,612 - httpx - INFO - HTTP Request: POST https://api.telegram.org/bot7093719129:AAE3ny7_m5SoEpXWsZs-MlI2tEsXVYR9b4Q/getUpdates "HTTP/1.1 200 OK"
2025-02-12 16:26:20,722 - httpx - INFO - HTTP Request: POST https://api.telegram.org/bot7093719129:AAE3ny7_m5SoEpXWsZs-MlI2tEsXVYR9b4Q/getUpdates "HTTP/1.1 200 OK"
2025-02-12 16:26:21,857 - httpx - INFO - HTTP Request: POST https://api.telegram.org/bot7093719129:AAE3ny7_m5SoEpXWsZs-MlI2tEsXVYR9b4Q/getUpdates "HTTP/1.1 200 OK"
2025-02-12 16:26:22,239 - httpx - INFO - HTTP Request: POST https://api.telegram.org/bot7093719129:AAE3ny7_m5SoEpXWsZs-MlI2tEsXVYR9b4Q/sendMessage "HTTP/1.1 200 OK"
2025-02-12 16:26:22,379 - httpx - INFO - HTTP Request: POST https://api.telegram.org/bot7093719129:AAE3ny7_m5SoEpXWsZs-MlI2tEsXVYR9b4Q/sendMessage "HTTP/1.1 200 OK"
2025-02-12 16:26:22,382 - __main__ - INFO - Welcome message sent to user 8087826607
2025-02-12 16:26:24,222 - httpx - INFO - HTTP Request: POST https://api.telegram.org/bot7093719129:AAE3ny7_m5SoEpXWsZs-MlI2tEsXVYR9b4Q/getUpdates "HTTP/1.1 200 OK"
2025-02-12 16:26:24,342 - httpx - INFO - HTTP Request: POST https://api.telegram.org/bot7093719129:AAE3ny7_m5SoEpXWsZs-MlI2tEsXVYR9b4Q/answerCallbackQuery "HTTP/1.1 200 OK"
2025-02-12 16:26:24,343 - __main__ - ERROR - Error in social_links_callback: 'set' object has no attribute 'items'
2025-02-12 16:26:27,391 - httpx - INFO - HTTP Request: POST https://api.telegram.org/bot7093719129:AAE3ny7_m5SoEpXWsZs-MlI2tEsXVYR9b4Q/getUpdates "HTTP/1.1 200 OK"
2025-02-12 16:26:27,506 - httpx - INFO - HTTP Request: POST https://api.telegram.org/bot7093719129:AAE3ny7_m5SoEpXWsZs-MlI2tEsXVYR9b4Q/answerCallbackQuery "HTTP/1.1 200 OK"
2025-02-12 16:26:27,509 - __main__ - ERROR - Error in social_links_callback: 'set' object has no attribute 'items'
2025-02-12 16:26:28,633 - httpx - INFO - HTTP Request: POST https://api.telegram.org/bot7093719129:AAE3ny7_m5SoEpXWsZs-MlI2tEsXVYR9b4Q/getUpdates "HTTP/1.1 200 OK"
2025-02-12 16:26:28,794 - httpx - INFO - HTTP Request: POST https://api.telegram.org/bot7093719129:AAE3ny7_m5SoEpXWsZs-MlI2tEsXVYR9b4Q/answerCallbackQuery "HTTP/1.1 200 OK"
2025-02-12 16:26:28,796 - __main__ - ERROR - Error in social_links_callback: 'set' object has no attribute 'items'
2025-02-12 16:26:29,542 - httpx - INFO - HTTP Request: POST https://api.telegram.org/bot7093719129:AAE3ny7_m5SoEpXWsZs-MlI2tEsXVYR9b4Q/getUpdates "HTTP/1.1 200 OK"
2025-02-12 16:26:29,656 - httpx - INFO - HTTP Request: POST https://api.telegram.org/bot7093719129:AAE3ny7_m5SoEpXWsZs-MlI2tEsXVYR9b4Q/answerCallbackQuery "HTTP/1.1 200 OK"
2025-02-12 16:26:29,658 - __main__ - ERROR - Error in social_links_callback: 'set' object has no attribute 'items'
2025-02-12 16:26:30,354 - httpx - INFO - HTTP Request: POST https://api.telegram.org/bot7093719129:AAE3ny7_m5SoEpXWsZs-MlI2tEsXVYR9b4Q/getUpdates "HTTP/1.1 200 OK"
2025-02-12 16:26:30,501 - httpx - INFO - HTTP Request: POST https://api.telegram.org/bot7093719129:AAE3ny7_m5SoEpXWsZs-MlI2tEsXVYR9b4Q/answerCallbackQuery "HTTP/1.1 200 OK"
2025-02-12 16:26:30,503 - __main__ - ERROR - Error in social_links_callback: 'set' object has no attribute 'items'
2025-02-12 16:26:31,164 - httpx - INFO - HTTP Request: POST https://api.telegram.org/bot7093719129:AAE3ny7_m5SoEpXWsZs-MlI2tEsXVYR9b4Q/getUpdates "HTTP/1.1 200 OK"
2025-02-12 16:26:31,280 - httpx - INFO - HTTP Request: POST https://api.telegram.org/bot7093719129:AAE3ny7_m5SoEpXWsZs-MlI2tEsXVYR9b4Q/answerCallbackQuery "HTTP/1.1 200 OK"
2025-02-12 16:26:31,284 - __main__ - ERROR - Error in social_links_callback: 'set' object has no attribute 'items'
2025-02-12 16:26:31,839 - httpx - INFO - HTTP Request: POST https://api.telegram.org/bot7093719129:AAE3ny7_m5SoEpXWsZs-MlI2tEsXVYR9b4Q/getUpdates "HTTP/1.1 200 OK"
2025-02-12 16:26:31,954 - httpx - INFO - HTTP Request: POST https://api.telegram.org/bot7093719129:AAE3ny7_m5SoEpXWsZs-MlI2tEsXVYR9b4Q/answerCallbackQuery "HTTP/1.1 200 OK"
2025-02-12 16:26:31,956 - __main__ - ERROR - Error in social_links_callback: 'set' object has no attribute 'items'
2025-02-12 16:26:32,442 - httpx - INFO - HTTP Request: POST https://api.telegram.org/bot7093719129:AAE3ny7_m5SoEpXWsZs-MlI2tEsXVYR9b4Q/getUpdates "HTTP/1.1 200 OK"
2025-02-12 16:26:32,556 - httpx - INFO - HTTP Request: POST https://api.telegram.org/bot7093719129:AAE3ny7_m5SoEpXWsZs-MlI2tEsXVYR9b4Q/answerCallbackQuery "HTTP/1.1 200 OK"
2025-02-12 16:26:32,558 - __main__ - ERROR - Error in social_links_callback: 'set' object has no attribute 'items'
2025-02-12 16:26:36,101 - httpx - INFO - HTTP Request: POST https://api.telegram.org/bot7093719129:AAE3ny7_m5SoEpXWsZs-MlI2tEsXVYR9b4Q/getUpdates "HTTP/1.1 200 OK"
2025-02-12 16:26:36,219 - httpx - INFO - HTTP Request: POST https://api.telegram.org/bot7093719129:AAE3ny7_m5SoEpXWsZs-MlI2tEsXVYR9b4Q/answerCallbackQuery "HTTP/1.1 200 OK"
2025-02-12 16:26:36,220 - __main__ - ERROR - Error in social_links_callback: 'set' object has no attribute 'items'
2025-02-12 16:26:46,249 - httpx - INFO - HTTP Request: POST https://api.telegram.org/bot7093719129:AAE3ny7_m5SoEpXWsZs-MlI2tEsXVYR9b4Q/getUpdates "HTTP/1.1 200 OK"
2025-02-12 16:26:56,361 - httpx - INFO - HTTP Request: POST https://api.telegram.org/bot7093719129:AAE3ny7_m5SoEpXWsZs-MlI2tEsXVYR9b4Q/getUpdates "HTTP/1.1 200 OK"
2025-02-12 16:27:06,485 - httpx - INFO - HTTP Request: POST https://api.telegram.org/bot7093719129:AAE3ny7_m5SoEpXWsZs-MlI2tEsXVYR9b4Q/getUpdates "HTTP/1.1 200 OK"
2025-02-12 16:27:16,600 - httpx - INFO - HTTP Request: POST https://api.telegram.org/bot7093719129:AAE3ny7_m5SoEpXWsZs-MlI2tEsXVYR9b4Q/getUpdates "HTTP/1.1 200 OK"
2025-02-12 16:27:26,718 - httpx - INFO - HTTP Request: POST https://api.telegram.org/bot7093719129:AAE3ny7_m5SoEpXWsZs-MlI2tEsXVYR9b4Q/getUpdates "HTTP/1.1 200 OK"
2025-02-12 16:27:36,831 - httpx - INFO - HTTP Request: POST https://api.telegram.org/bot7093719129:AAE3ny7_m5SoEpXWsZs-MlI2tEsXVYR9b4Q/getUpdates "HTTP/1.1 200 OK"
2025-02-12 16:27:46,963 - httpx - INFO - HTTP Request: POST https://api.telegram.org/bot7093719129:AAE3ny7_m5SoEpXWsZs-MlI2tEsXVYR9b4Q/getUpdates "HTTP/1.1 200 OK"
2025-02-12 16:27:57,075 - httpx - INFO - HTTP Request: POST https://api.telegram.org/bot7093719129:AAE3ny7_m5SoEpXWsZs-MlI2tEsXVYR9b4Q/getUpdates "HTTP/1.1 200 OK"
2025-02-12 16:28:07,186 - httpx - INFO - HTTP Request: POST https://api.telegram.org/bot7093719129:AAE3ny7_m5SoEpXWsZs-MlI2tEsXVYR9b4Q/getUpdates "HTTP/1.1 200 OK"
2025-02-12 16:28:17,304 - httpx - INFO - HTTP Request: POST https://api.telegram.org/bot7093719129:AAE3ny7_m5SoEpXWsZs-MlI2tEsXVYR9b4Q/getUpdates "HTTP/1.1 200 OK"
2025-02-12 16:28:27,441 - httpx - INFO - HTTP Request: POST https://api.telegram.org/bot7093719129:AAE3ny7_m5SoEpXWsZs-MlI2tEsXVYR9b4Q/getUpdates "HTTP/1.1 200 OK"
2025-02-12 16:28:37,558 - httpx - INFO - HTTP Request: POST https://api.telegram.org/bot7093719129:AAE3ny7_m5SoEpXWsZs-MlI2tEsXVYR9b4Q/getUpdates "HTTP/1.1 200 OK"
2025-02-12 16:28:47,739 - httpx - INFO - HTTP Request: POST https://api.telegram.org/bot7093719129:AAE3ny7_m5SoEpXWsZs-MlI2tEsXVYR9b4Q/getUpdates "HTTP/1.1 200 OK"
2025-02-12 16:28:57,863 - httpx - INFO - HTTP Request: POST https://api.telegram.org/bot7093719129:AAE3ny7_m5SoEpXWsZs-MlI2tEsXVYR9b4Q/getUpdates "HTTP/1.1 200 OK"
2025-02-12 16:29:07,982 - httpx - INFO - HTTP Request: POST https://api.telegram.org/bot7093719129:AAE3ny7_m5SoEpXWsZs-MlI2tEsXVYR9b4Q/getUpdates "HTTP/1.1 200 OK"
2025-02-12 16:29:18,125 - httpx - INFO - HTTP Request: POST https://api.telegram.org/bot7093719129:AAE3ny7_m5SoEpXWsZs-MlI2tEsXVYR9b4Q/getUpdates "HTTP/1.1 200 OK"
2025-02-12 16:29:28,242 - httpx - INFO - HTTP Request: POST https://api.telegram.org/bot7093719129:AAE3ny7_m5SoEpXWsZs-MlI2tEsXVYR9b4Q/getUpdates "HTTP/1.1 200 OK"
2025-02-12 16:29:38,382 - httpx - INFO - HTTP Request: POST https://api.telegram.org/bot7093719129:AAE3ny7_m5SoEpXWsZs-MlI2tEsXVYR9b4Q/getUpdates "HTTP/1.1 200 OK"
2025-02-12 16:29:48,511 - httpx - INFO - HTTP Request: POST https://api.telegram.org/bot7093719129:AAE3ny7_m5SoEpXWsZs-MlI2tEsXVYR9b4Q/getUpdates "HTTP/1.1 200 OK"
2025-02-12 16:29:58,634 - httpx - INFO - HTTP Request: POST https://api.telegram.org/bot7093719129:AAE3ny7_m5SoEpXWsZs-MlI2tEsXVYR9b4Q/getUpdates "HTTP/1.1 200 OK"
2025-02-12 16:30:08,832 - httpx - INFO - HTTP Request: POST https://api.telegram.org/bot7093719129:AAE3ny7_m5SoEpXWsZs-MlI2tEsXVYR9b4Q/getUpdates "HTTP/1.1 200 OK"
2025-02-12 16:30:18,938 - httpx - INFO - HTTP Request: POST https://api.telegram.org/bot7093719129:AAE3ny7_m5SoEpXWsZs-MlI2tEsXVYR9b4Q/getUpdates "HTTP/1.1 200 OK"
2025-02-12 16:30:29,057 - httpx - INFO - HTTP Request: POST https://api.telegram.org/bot7093719129:AAE3ny7_m5SoEpXWsZs-MlI2tEsXVYR9b4Q/getUpdates "HTTP/1.1 200 OK"
2025-02-12 16:30:39,439 - httpx - INFO - HTTP Request: POST https://api.telegram.org/bot7093719129:AAE3ny7_m5SoEpXWsZs-MlI2tEsXVYR9b4Q/getUpdates "HTTP/1.1 200 OK"
2025-02-12 16:30:49,581 - httpx - INFO - HTTP Request: POST https://api.telegram.org/bot7093719129:AAE3ny7_m5SoEpXWsZs-MlI2tEsXVYR9b4Q/getUpdates "HTTP/1.1 200 OK"
2025-02-12 16:30:59,700 - httpx - INFO - HTTP Request: POST https://api.telegram.org/bot7093719129:AAE3ny7_m5SoEpXWsZs-MlI2tEsXVYR9b4Q/getUpdates "HTTP/1.1 200 OK"
2025-02-12 16:31:09,827 - httpx - INFO - HTTP Request: POST https://api.telegram.org/bot7093719129:AAE3ny7_m5SoEpXWsZs-MlI2tEsXVYR9b4Q/getUpdates "HTTP/1.1 200 OK"
2025-02-12 16:31:20,003 - httpx - INFO - HTTP Request: POST https://api.telegram.org/bot7093719129:AAE3ny7_m5SoEpXWsZs-MlI2tEsXVYR9b4Q/getUpdates "HTTP/1.1 200 OK"
2025-02-12 16:31:30,159 - httpx - INFO - HTTP Request: POST https://api.telegram.org/bot7093719129:AAE3ny7_m5SoEpXWsZs-MlI2tEsXVYR9b4Q/getUpdates "HTTP/1.1 200 OK"
2025-02-12 16:31:40,273 - httpx - INFO - HTTP Request: POST https://api.telegram.org/bot7093719129:AAE3ny7_m5SoEpXWsZs-MlI2tEsXVYR9b4Q/getUpdates "HTTP/1.1 200 OK"
2025-02-12 16:31:50,403 - httpx - INFO - HTTP Request: POST https://api.telegram.org/bot7093719129:AAE3ny7_m5SoEpXWsZs-MlI2tEsXVYR9b4Q/getUpdates "HTTP/1.1 200 OK"
2025-02-12 16:32:00,543 - httpx - INFO - HTTP Request: POST https://api.telegram.org/bot7093719129:AAE3ny7_m5SoEpXWsZs-MlI2tEsXVYR9b4Q/getUpdates "HTTP/1.1 200 OK"
2025-02-12 16:32:10,661 - httpx - INFO - HTTP Request: POST https://api.telegram.org/bot7093719129:AAE3ny7_m5SoEpXWsZs-MlI2tEsXVYR9b4Q/getUpdates "HTTP/1.1 200 OK"
2025-02-12 16:32:20,937 - httpx - INFO - HTTP Request: POST https://api.telegram.org/bot7093719129:AAE3ny7_m5SoEpXWsZs-MlI2tEsXVYR9b4Q/getUpdates "HTTP/1.1 200 OK"
2025-02-12 16:32:31,057 - httpx - INFO - HTTP Request: POST https://api.telegram.org/bot7093719129:AAE3ny7_m5SoEpXWsZs-MlI2tEsXVYR9b4Q/getUpdates "HTTP/1.1 200 OK"
2025-02-12 16:32:41,170 - httpx - INFO - HTTP Request: POST https://api.telegram.org/bot7093719129:AAE3ny7_m5SoEpXWsZs-MlI2tEsXVYR9b4Q/getUpdates "HTTP/1.1 200 OK"
2025-02-12 16:32:51,306 - httpx - INFO - HTTP Request: POST https://api.telegram.org/bot7093719129:AAE3ny7_m5SoEpXWsZs-MlI2tEsXVYR9b4Q/getUpdates "HTTP/1.1 200 OK"
2025-02-12 16:33:01,454 - httpx - INFO - HTTP Request: POST https://api.telegram.org/bot7093719129:AAE3ny7_m5SoEpXWsZs-MlI2tEsXVYR9b4Q/getUpdates "HTTP/1.1 200 OK"
2025-02-12 16:33:11,572 - httpx - INFO - HTTP Request: POST https://api.telegram.org/bot7093719129:AAE3ny7_m5SoEpXWsZs-MlI2tEsXVYR9b4Q/getUpdates "HTTP/1.1 200 OK"
2025-02-12 16:33:21,702 - httpx - INFO - HTTP Request: POST https://api.telegram.org/bot7093719129:AAE3ny7_m5SoEpXWsZs-MlI2tEsXVYR9b4Q/getUpdates "HTTP/1.1 200 OK"
2025-02-12 16:33:31,886 - httpx - INFO - HTTP Request: POST https://api.telegram.org/bot7093719129:AAE3ny7_m5SoEpXWsZs-MlI2tEsXVYR9b4Q/getUpdates "HTTP/1.1 200 OK"
2025-02-12 16:33:41,997 - httpx - INFO - HTTP Request: POST https://api.telegram.org/bot7093719129:AAE3ny7_m5SoEpXWsZs-MlI2tEsXVYR9b4Q/getUpdates "HTTP/1.1 200 OK"
2025-02-12 16:33:52,116 - httpx - INFO - HTTP Request: POST https://api.telegram.org/bot7093719129:AAE3ny7_m5SoEpXWsZs-MlI2tEsXVYR9b4Q/getUpdates "HTTP/1.1 200 OK"
2025-02-12 16:34:02,229 - httpx - INFO - HTTP Request: POST https://api.telegram.org/bot7093719129:AAE3ny7_m5SoEpXWsZs-MlI2tEsXVYR9b4Q/getUpdates "HTTP/1.1 200 OK"
2025-02-12 16:34:12,339 - httpx - INFO - HTTP Request: POST https://api.telegram.org/bot7093719129:AAE3ny7_m5SoEpXWsZs-MlI2tEsXVYR9b4Q/getUpdates "HTTP/1.1 200 OK"
2025-02-12 16:34:22,467 - httpx - INFO - HTTP Request: POST https://api.telegram.org/bot7093719129:AAE3ny7_m5SoEpXWsZs-MlI2tEsXVYR9b4Q/getUpdates "HTTP/1.1 200 OK"
2025-02-12 16:34:32,619 - httpx - INFO - HTTP Request: POST https://api.telegram.org/bot7093719129:AAE3ny7_m5SoEpXWsZs-MlI2tEsXVYR9b4Q/getUpdates "HTTP/1.1 200 OK"
2025-02-12 16:34:42,849 - httpx - INFO - HTTP Request: POST https://api.telegram.org/bot7093719129:AAE3ny7_m5SoEpXWsZs-MlI2tEsXVYR9b4Q/getUpdates "HTTP/1.1 200 OK"
2025-02-12 16:34:52,963 - httpx - INFO - HTTP Request: POST https://api.telegram.org/bot7093719129:AAE3ny7_m5SoEpXWsZs-MlI2tEsXVYR9b4Q/getUpdates "HTTP/1.1 200 OK"
2025-02-12 16:35:03,122 - httpx - INFO - HTTP Request: POST https://api.telegram.org/bot7093719129:AAE3ny7_m5SoEpXWsZs-MlI2tEsXVYR9b4Q/getUpdates "HTTP/1.1 200 OK"
2025-02-12 16:35:13,252 - httpx - INFO - HTTP Request: POST https://api.telegram.org/bot7093719129:AAE3ny7_m5SoEpXWsZs-MlI2tEsXVYR9b4Q/getUpdates "HTTP/1.1 200 OK"
2025-02-12 16:35:23,353 - httpx - INFO - HTTP Request: POST https://api.telegram.org/bot7093719129:AAE3ny7_m5SoEpXWsZs-MlI2tEsXVYR9b4Q/getUpdates "HTTP/1.1 200 OK"
2025-02-12 16:35:53,602 - __main__ - INFO - Bot starting...
2025-02-12 16:35:54,274 - httpx - INFO - HTTP Request: POST https://api.telegram.org/bot7093719129:AAE3ny7_m5SoEpXWsZs-MlI2tEsXVYR9b4Q/getMe "HTTP/1.1 200 OK"
2025-02-12 16:35:54,384 - httpx - INFO - HTTP Request: POST https://api.telegram.org/bot7093719129:AAE3ny7_m5SoEpXWsZs-MlI2tEsXVYR9b4Q/deleteWebhook "HTTP/1.1 200 OK"
2025-02-12 16:35:54,391 - telegram.ext.Application - INFO - Application started
2025-02-12 16:36:01,801 - httpx - INFO - HTTP Request: POST https://api.telegram.org/bot7093719129:AAE3ny7_m5SoEpXWsZs-MlI2tEsXVYR9b4Q/getUpdates "HTTP/1.1 200 OK"
2025-02-12 16:36:02,175 - httpx - INFO - HTTP Request: POST https://api.telegram.org/bot7093719129:AAE3ny7_m5SoEpXWsZs-MlI2tEsXVYR9b4Q/sendMessage "HTTP/1.1 200 OK"
2025-02-12 16:36:02,401 - httpx - INFO - HTTP Request: POST https://api.telegram.org/bot7093719129:AAE3ny7_m5SoEpXWsZs-MlI2tEsXVYR9b4Q/sendMessage "HTTP/1.1 200 OK"
2025-02-12 16:36:02,403 - __main__ - INFO - Welcome message sent to user 8087826607
2025-02-12 16:36:04,873 - httpx - INFO - HTTP Request: POST https://api.telegram.org/bot7093719129:AAE3ny7_m5SoEpXWsZs-MlI2tEsXVYR9b4Q/getUpdates "HTTP/1.1 200 OK"
2025-02-12 16:36:04,983 - httpx - INFO - HTTP Request: POST https://api.telegram.org/bot7093719129:AAE3ny7_m5SoEpXWsZs-MlI2tEsXVYR9b4Q/answerCallbackQuery "HTTP/1.1 200 OK"
2025-02-12 16:36:04,985 - __main__ - ERROR - Error in social_links_callback: 'set' object has no attribute 'items'
2025-02-12 16:36:06,401 - httpx - INFO - HTTP Request: POST https://api.telegram.org/bot7093719129:AAE3ny7_m5SoEpXWsZs-MlI2tEsXVYR9b4Q/getUpdates "HTTP/1.1 200 OK"
2025-02-12 16:36:06,593 - httpx - INFO - HTTP Request: POST https://api.telegram.org/bot7093719129:AAE3ny7_m5SoEpXWsZs-MlI2tEsXVYR9b4Q/answerCallbackQuery "HTTP/1.1 200 OK"
2025-02-12 16:36:06,596 - __main__ - ERROR - Error in social_links_callback: 'set' object has no attribute 'items'
2025-02-12 16:36:07,372 - httpx - INFO - HTTP Request: POST https://api.telegram.org/bot7093719129:AAE3ny7_m5SoEpXWsZs-MlI2tEsXVYR9b4Q/getUpdates "HTTP/1.1 200 OK"
2025-02-12 16:36:07,540 - httpx - INFO - HTTP Request: POST https://api.telegram.org/bot7093719129:AAE3ny7_m5SoEpXWsZs-MlI2tEsXVYR9b4Q/answerCallbackQuery "HTTP/1.1 200 OK"
2025-02-12 16:36:07,542 - __main__ - ERROR - Error in social_links_callback: 'set' object has no attribute 'items'
2025-02-12 16:36:08,033 - httpx - INFO - HTTP Request: POST https://api.telegram.org/bot7093719129:AAE3ny7_m5SoEpXWsZs-MlI2tEsXVYR9b4Q/getUpdates "HTTP/1.1 200 OK"
2025-02-12 16:36:08,155 - httpx - INFO - HTTP Request: POST https://api.telegram.org/bot7093719129:AAE3ny7_m5SoEpXWsZs-MlI2tEsXVYR9b4Q/answerCallbackQuery "HTTP/1.1 200 OK"
2025-02-12 16:36:08,159 - __main__ - ERROR - Error in social_links_callback: 'set' object has no attribute 'items'
2025-02-12 16:36:08,385 - httpx - INFO - HTTP Request: POST https://api.telegram.org/bot7093719129:AAE3ny7_m5SoEpXWsZs-MlI2tEsXVYR9b4Q/getUpdates "HTTP/1.1 200 OK"
2025-02-12 16:36:08,506 - httpx - INFO - HTTP Request: POST https://api.telegram.org/bot7093719129:AAE3ny7_m5SoEpXWsZs-MlI2tEsXVYR9b4Q/answerCallbackQuery "HTTP/1.1 200 OK"
2025-02-12 16:36:08,508 - s__main__ - ERROR - Error in social_links_callback: 'set' object has no attribute 'item'
2025-02-12 16:36:12,132 - httpx - INFO - HTTP Request: POST https://api.telegram.org/bot7093719129:AAE3ny7_m5SoEpXWsZs-MlI2tEsXVYR9b4Q/getUpdates "HTTP/1.1 200 OK"
2025-02-12 16:36:12,314 - httpx - INFO - HTTP Request: POST https://api.telegram.org/bot7093719129:AAE3ny7_m5SoEpXWsZs-MlI2tEsXVYR9b4Q/answerCallbackQuery "HTTP/1.1 200 OK"
2025-02-12 16:36:12,316 - __main__ - ERROR - Error in social_links_callback: 'set' object has no attribute 'items'
2025-02-12 16:36:22,244 - httpx - INFO - HTTP Request: POST https://api.telegram.org/bot7093719129:AAE3ny7_m5SoEpXWsZs-MlI2tEsXVYR9b4Q/getUpdates "HTTP/1.1 200 OK"
2025-02-12 16:36:32,353 - httpx - INFO - HTTP Request: POST https://api.telegram.org/bot7093719129:AAE3ny7_m5SoEpXWsZs-MlI2tEsXVYR9b4Q/getUpdates "HTTP/1.1 200 OK"
2025-02-12 16:36:42,478 - httpx - INFO - HTTP Request: POST https://api.telegram.org/bot7093719129:AAE3ny7_m5SoEpXWsZs-MlI2tEsXVYR9b4Q/getUpdates "HTTP/1.1 200 OK"
2025-02-12 16:36:52,598 - httpx - INFO - HTTP Request: POST https://api.telegram.org/bot7093719129:AAE3ny7_m5SoEpXWsZs-MlI2tEsXVYR9b4Q/getUpdates "HTTP/1.1 200 OK"
2025-02-12 16:37:02,710 - httpx - INFO - HTTP Request: POST https://api.telegram.org/bot7093719129:AAE3ny7_m5SoEpXWsZs-MlI2tEsXVYR9b4Q/getUpdates "HTTP/1.1 200 OK"
2025-02-12 16:37:12,871 - httpx - INFO - HTTP Request: POST https://api.telegram.org/bot7093719129:AAE3ny7_m5SoEpXWsZs-MlI2tEsXVYR9b4Q/getUpdates "HTTP/1.1 200 OK"
2025-02-12 16:37:22,966 - httpx - INFO - HTTP Request: POST https://api.telegram.org/bot7093719129:AAE3ny7_m5SoEpXWsZs-MlI2tEsXVYR9b4Q/getUpdates "HTTP/1.1 200 OK"
2025-02-12 16:37:33,097 - httpx - INFO - HTTP Request: POST https://api.telegram.org/bot7093719129:AAE3ny7_m5SoEpXWsZs-MlI2tEsXVYR9b4Q/getUpdates "HTTP/1.1 200 OK"
2025-02-12 16:37:43,207 - httpx - INFO - HTTP Request: POST https://api.telegram.org/bot7093719129:AAE3ny7_m5SoEpXWsZs-MlI2tEsXVYR9b4Q/getUpdates "HTTP/1.1 200 OK"
2025-02-12 16:37:53,323 - httpx - INFO - HTTP Request: POST https://api.telegram.org/bot7093719129:AAE3ny7_m5SoEpXWsZs-MlI2tEsXVYR9b4Q/getUpdates "HTTP/1.1 200 OK"
2025-02-12 16:38:03,438 - httpx - INFO - HTTP Request: POST https://api.telegram.org/bot7093719129:AAE3ny7_m5SoEpXWsZs-MlI2tEsXVYR9b4Q/getUpdates "HTTP/1.1 200 OK"
2025-02-12 16:38:13,563 - httpx - INFO - HTTP Request: POST https://api.telegram.org/bot7093719129:AAE3ny7_m5SoEpXWsZs-MlI2tEsXVYR9b4Q/getUpdates "HTTP/1.1 200 OK"
2025-02-12 16:38:23,743 - httpx - INFO - HTTP Request: POST https://api.telegram.org/bot7093719129:AAE3ny7_m5SoEpXWsZs-MlI2tEsXVYR9b4Q/getUpdates "HTTP/1.1 200 OK"
2025-02-12 16:38:34,014 - httpx - INFO - HTTP Request: POST https://api.telegram.org/bot7093719129:AAE3ny7_m5SoEpXWsZs-MlI2tEsXVYR9b4Q/getUpdates "HTTP/1.1 200 OK"
2025-02-12 16:38:44,150 - httpx - INFO - HTTP Request: POST https://api.telegram.org/bot7093719129:AAE3ny7_m5SoEpXWsZs-MlI2tEsXVYR9b4Q/getUpdates "HTTP/1.1 200 OK"
2025-02-12 16:38:54,264 - httpx - INFO - HTTP Request: POST https://api.telegram.org/bot7093719129:AAE3ny7_m5SoEpXWsZs-MlI2tEsXVYR9b4Q/getUpdates "HTTP/1.1 200 OK"
2025-02-12 16:39:04,385 - httpx - INFO - HTTP Request: POST https://api.telegram.org/bot7093719129:AAE3ny7_m5SoEpXWsZs-MlI2tEsXVYR9b4Q/getUpdates "HTTP/1.1 200 OK"
2025-02-12 16:39:14,496 - httpx - INFO - HTTP Request: POST https://api.telegram.org/bot7093719129:AAE3ny7_m5SoEpXWsZs-MlI2tEsXVYR9b4Q/getUpdates "HTTP/1.1 200 OK"
2025-02-12 16:39:24,603 - httpx - INFO - HTTP Request: POST https://api.telegram.org/bot7093719129:AAE3ny7_m5SoEpXWsZs-MlI2tEsXVYR9b4Q/getUpdates "HTTP/1.1 200 OK"
2025-02-12 16:39:34,774 - httpx - INFO - HTTP Request: POST https://api.telegram.org/bot7093719129:AAE3ny7_m5SoEpXWsZs-MlI2tEsXVYR9b4Q/getUpdates "HTTP/1.1 200 OK"
2025-02-12 16:39:44,888 - httpx - INFO - HTTP Request: POST https://api.telegram.org/bot7093719129:AAE3ny7_m5SoEpXWsZs-MlI2tEsXVYR9b4Q/getUpdates "HTTP/1.1 200 OK"
2025-02-12 16:39:55,011 - httpx - INFO - HTTP Request: POST https://api.telegram.org/bot7093719129:AAE3ny7_m5SoEpXWsZs-MlI2tEsXVYR9b4Q/getUpdates "HTTP/1.1 200 OK"
2025-02-12 16:40:05,110 - httpx - INFO - HTTP Request: POST https://api.telegram.org/bot7093719129:AAE3ny7_m5SoEpXWsZs-MlI2tEsXVYR9b4Q/getUpdates "HTTP/1.1 200 OK"
2025-02-12 16:40:15,230 - httpx - INFO - HTTP Request: POST https://api.telegram.org/bot7093719129:AAE3ny7_m5SoEpXWsZs-MlI2tEsXVYR9b4Q/getUpdates "HTTP/1.1 200 OK"
2025-02-12 16:40:25,348 - httpx - INFO - HTTP Request: POST https://api.telegram.org/bot7093719129:AAE3ny7_m5SoEpXWsZs-MlI2tEsXVYR9b4Q/getUpdates "HTTP/1.1 200 OK"
2025-02-12 16:40:35,467 - httpx - INFO - HTTP Request: POST https://api.telegram.org/bot7093719129:AAE3ny7_m5SoEpXWsZs-MlI2tEsXVYR9b4Q/getUpdates "HTTP/1.1 200 OK"
2025-02-12 16:40:45,583 - httpx - INFO - HTTP Request: POST https://api.telegram.org/bot7093719129:AAE3ny7_m5SoEpXWsZs-MlI2tEsXVYR9b4Q/getUpdates "HTTP/1.1 200 OK"
2025-02-12 16:40:55,716 - httpx - INFO - HTTP Request: POST https://api.telegram.org/bot7093719129:AAE3ny7_m5SoEpXWsZs-MlI2tEsXVYR9b4Q/getUpdates "HTTP/1.1 200 OK"
2025-02-12 16:41:05,835 - httpx - INFO - HTTP Request: POST https://api.telegram.org/bot7093719129:AAE3ny7_m5SoEpXWsZs-MlI2tEsXVYR9b4Q/getUpdates "HTTP/1.1 200 OK"
2025-02-12 16:41:15,957 - httpx - INFO - HTTP Request: POST https://api.telegram.org/bot7093719129:AAE3ny7_m5SoEpXWsZs-MlI2tEsXVYR9b4Q/getUpdates "HTTP/1.1 200 OK"
2025-02-12 16:41:26,111 - httpx - INFO - HTTP Request: POST https://api.telegram.org/bot7093719129:AAE3ny7_m5SoEpXWsZs-MlI2tEsXVYR9b4Q/getUpdates "HTTP/1.1 200 OK"
2025-02-12 16:41:36,219 - httpx - INFO - HTTP Request: POST https://api.telegram.org/bot7093719129:AAE3ny7_m5SoEpXWsZs-MlI2tEsXVYR9b4Q/getUpdates "HTTP/1.1 200 OK"
2025-02-12 16:41:46,327 - httpx - INFO - HTTP Request: POST https://api.telegram.org/bot7093719129:AAE3ny7_m5SoEpXWsZs-MlI2tEsXVYR9b4Q/getUpdates "HTTP/1.1 200 OK"
2025-02-12 16:41:56,439 - httpx - INFO - HTTP Request: POST https://api.telegram.org/bot7093719129:AAE3ny7_m5SoEpXWsZs-MlI2tEsXVYR9b4Q/getUpdates "HTTP/1.1 200 OK"
2025-02-12 16:42:06,564 - httpx - INFO - HTTP Request: POST https://api.telegram.org/bot7093719129:AAE3ny7_m5SoEpXWsZs-MlI2tEsXVYR9b4Q/getUpdates "HTTP/1.1 200 OK"
2025-02-12 16:42:16,688 - httpx - INFO - HTTP Request: POST https://api.telegram.org/bot7093719129:AAE3ny7_m5SoEpXWsZs-MlI2tEsXVYR9b4Q/getUpdates "HTTP/1.1 200 OK"
2025-02-12 16:42:26,800 - httpx - INFO - HTTP Request: POST https://api.telegram.org/bot7093719129:AAE3ny7_m5SoEpXWsZs-MlI2tEsXVYR9b4Q/getUpdates "HTTP/1.1 200 OK"
2025-02-12 16:42:36,956 - httpx - INFO - HTTP Request: POST https://api.telegram.org/bot7093719129:AAE3ny7_m5SoEpXWsZs-MlI2tEsXVYR9b4Q/getUpdates "HTTP/1.1 200 OK"
2025-02-12 16:42:47,095 - httpx - INFO - HTTP Request: POST https://api.telegram.org/bot7093719129:AAE3ny7_m5SoEpXWsZs-MlI2tEsXVYR9b4Q/getUpdates "HTTP/1.1 200 OK"
2025-02-12 16:42:57,208 - httpx - INFO - HTTP Request: POST https://api.telegram.org/bot7093719129:AAE3ny7_m5SoEpXWsZs-MlI2tEsXVYR9b4Q/getUpdates "HTTP/1.1 200 OK"
2025-02-12 16:43:07,338 - httpx - INFO - HTTP Request: POST https://api.telegram.org/bot7093719129:AAE3ny7_m5SoEpXWsZs-MlI2tEsXVYR9b4Q/getUpdates "HTTP/1.1 200 OK"
2025-02-12 16:43:17,455 - httpx - INFO - HTTP Request: POST https://api.telegram.org/bot7093719129:AAE3ny7_m5SoEpXWsZs-MlI2tEsXVYR9b4Q/getUpdates "HTTP/1.1 200 OK"
2025-02-12 16:43:27,561 - httpx - INFO - HTTP Request: POST https://api.telegram.org/bot7093719129:AAE3ny7_m5SoEpXWsZs-MlI2tEsXVYR9b4Q/getUpdates "HTTP/1.1 200 OK"
2025-02-12 16:43:37,674 - httpx - INFO - HTTP Request: POST https://api.telegram.org/bot7093719129:AAE3ny7_m5SoEpXWsZs-MlI2tEsXVYR9b4Q/getUpdates "HTTP/1.1 200 OK"
2025-02-12 16:43:47,819 - httpx - INFO - HTTP Request: POST https://api.telegram.org/bot7093719129:AAE3ny7_m5SoEpXWsZs-MlI2tEsXVYR9b4Q/getUpdates "HTTP/1.1 200 OK"
2025-02-12 16:43:57,932 - httpx - INFO - HTTP Request: POST https://api.telegram.org/bot7093719129:AAE3ny7_m5SoEpXWsZs-MlI2tEsXVYR9b4Q/getUpdates "HTTP/1.1 200 OK"
2025-02-12 16:44:08,045 - httpx - INFO - HTTP Request: POST https://api.telegram.org/bot7093719129:AAE3ny7_m5SoEpXWsZs-MlI2tEsXVYR9b4Q/getUpdates "HTTP/1.1 200 OK"
2025-02-12 16:44:18,161 - httpx - INFO - HTTP Request: POST https://api.telegram.org/bot7093719129:AAE3ny7_m5SoEpXWsZs-MlI2tEsXVYR9b4Q/getUpdates "HTTP/1.1 200 OK"
2025-02-12 16:44:28,285 - httpx - INFO - HTTP Request: POST https://api.telegram.org/bot7093719129:AAE3ny7_m5SoEpXWsZs-MlI2tEsXVYR9b4Q/getUpdates "HTTP/1.1 200 OK"
2025-02-12 16:44:38,403 - httpx - INFO - HTTP Request: POST https://api.telegram.org/bot7093719129:AAE3ny7_m5SoEpXWsZs-MlI2tEsXVYR9b4Q/getUpdates "HTTP/1.1 200 OK"
2025-02-12 16:44:48,516 - httpx - INFO - HTTP Request: POST https://api.telegram.org/bot7093719129:AAE3ny7_m5SoEpXWsZs-MlI2tEsXVYR9b4Q/getUpdates "HTTP/1.1 200 OK"
2025-02-12 16:44:58,634 - httpx - INFO - HTTP Request: POST https://api.telegram.org/bot7093719129:AAE3ny7_m5SoEpXWsZs-MlI2tEsXVYR9b4Q/getUpdates "HTTP/1.1 200 OK"
2025-02-12 16:45:08,741 - httpx - INFO - HTTP Request: POST https://api.telegram.org/bot7093719129:AAE3ny7_m5SoEpXWsZs-MlI2tEsXVYR9b4Q/getUpdates "HTTP/1.1 200 OK"
2025-02-12 16:45:18,860 - httpx - INFO - HTTP Request: POST https://api.telegram.org/bot7093719129:AAE3ny7_m5SoEpXWsZs-MlI2tEsXVYR9b4Q/getUpdates "HTTP/1.1 200 OK"
2025-02-12 16:45:28,975 - httpx - INFO - HTTP Request: POST https://api.telegram.org/bot7093719129:AAE3ny7_m5SoEpXWsZs-MlI2tEsXVYR9b4Q/getUpdates "HTTP/1.1 200 OK"
2025-02-12 16:45:39,085 - httpx - INFO - HTTP Request: POST https://api.telegram.org/bot7093719129:AAE3ny7_m5SoEpXWsZs-MlI2tEsXVYR9b4Q/getUpdates "HTTP/1.1 200 OK"
2025-02-12 16:45:49,259 - httpx - INFO - HTTP Request: POST https://api.telegram.org/bot7093719129:AAE3ny7_m5SoEpXWsZs-MlI2tEsXVYR9b4Q/getUpdates "HTTP/1.1 200 OK"
2025-02-12 16:45:59,385 - httpx - INFO - HTTP Request: POST https://api.telegram.org/bot7093719129:AAE3ny7_m5SoEpXWsZs-MlI2tEsXVYR9b4Q/getUpdates "HTTP/1.1 200 OK"
2025-02-12 16:46:09,501 - httpx - INFO - HTTP Request: POST https://api.telegram.org/bot7093719129:AAE3ny7_m5SoEpXWsZs-MlI2tEsXVYR9b4Q/getUpdates "HTTP/1.1 200 OK"
2025-02-12 16:46:19,613 - httpx - INFO - HTTP Request: POST https://api.telegram.org/bot7093719129:AAE3ny7_m5SoEpXWsZs-MlI2tEsXVYR9b4Q/getUpdates "HTTP/1.1 200 OK"
2025-02-12 16:46:29,722 - httpx - INFO - HTTP Request: POST https://api.telegram.org/bot7093719129:AAE3ny7_m5SoEpXWsZs-MlI2tEsXVYR9b4Q/getUpdates "HTTP/1.1 200 OK"
2025-02-12 16:46:39,825 - httpx - INFO - HTTP Request: POST https://api.telegram.org/bot7093719129:AAE3ny7_m5SoEpXWsZs-MlI2tEsXVYR9b4Q/getUpdates "HTTP/1.1 200 OK"
2025-02-12 16:46:49,934 - httpx - INFO - HTTP Request: POST https://api.telegram.org/bot7093719129:AAE3ny7_m5SoEpXWsZs-MlI2tEsXVYR9b4Q/getUpdates "HTTP/1.1 200 OK"
2025-02-12 16:47:00,048 - httpx - INFO - HTTP Request: POST https://api.telegram.org/bot7093719129:AAE3ny7_m5SoEpXWsZs-MlI2tEsXVYR9b4Q/getUpdates "HTTP/1.1 200 OK"
2025-02-12 16:47:10,155 - httpx - INFO - HTTP Request: POST https://api.telegram.org/bot7093719129:AAE3ny7_m5SoEpXWsZs-MlI2tEsXVYR9b4Q/getUpdates "HTTP/1.1 200 OK"
2025-02-12 16:47:20,267 - httpx - INFO - HTTP Request: POST https://api.telegram.org/bot7093719129:AAE3ny7_m5SoEpXWsZs-MlI2tEsXVYR9b4Q/getUpdates "HTTP/1.1 200 OK"
2025-02-12 16:47:30,386 - httpx - INFO - HTTP Request: POST https://api.telegram.org/bot7093719129:AAE3ny7_m5SoEpXWsZs-MlI2tEsXVYR9b4Q/getUpdates "HTTP/1.1 200 OK"
2025-02-12 16:47:40,498 - httpx - INFO - HTTP Request: POST https://api.telegram.org/bot7093719129:AAE3ny7_m5SoEpXWsZs-MlI2tEsXVYR9b4Q/getUpdates "HTTP/1.1 200 OK"
2025-02-12 16:47:50,611 - httpx - INFO - HTTP Request: POST https://api.telegram.org/bot7093719129:AAE3ny7_m5SoEpXWsZs-MlI2tEsXVYR9b4Q/getUpdates "HTTP/1.1 200 OK"
2025-02-12 16:48:00,721 - httpx - INFO - HTTP Request: POST https://api.telegram.org/bot7093719129:AAE3ny7_m5SoEpXWsZs-MlI2tEsXVYR9b4Q/getUpdates "HTTP/1.1 200 OK"
2025-02-12 16:48:10,833 - httpx - INFO - HTTP Request: POST https://api.telegram.org/bot7093719129:AAE3ny7_m5SoEpXWsZs-MlI2tEsXVYR9b4Q/getUpdates "HTTP/1.1 200 OK"
2025-02-12 16:48:20,943 - httpx - INFO - HTTP Request: POST https://api.telegram.org/bot7093719129:AAE3ny7_m5SoEpXWsZs-MlI2tEsXVYR9b4Q/getUpdates "HTTP/1.1 200 OK"
2025-02-12 16:48:31,054 - httpx - INFO - HTTP Request: POST https://api.telegram.org/bot7093719129:AAE3ny7_m5SoEpXWsZs-MlI2tEsXVYR9b4Q/getUpdates "HTTP/1.1 200 OK"
2025-02-12 16:48:41,157 - httpx - INFO - HTTP Request: POST https://api.telegram.org/bot7093719129:AAE3ny7_m5SoEpXWsZs-MlI2tEsXVYR9b4Q/getUpdates "HTTP/1.1 200 OK"
2025-02-12 16:48:51,273 - httpx - INFO - HTTP Request: POST https://api.telegram.org/bot7093719129:AAE3ny7_m5SoEpXWsZs-MlI2tEsXVYR9b4Q/getUpdates "HTTP/1.1 200 OK"
2025-02-12 16:49:01,386 - httpx - INFO - HTTP Request: POST https://api.telegram.org/bot7093719129:AAE3ny7_m5SoEpXWsZs-MlI2tEsXVYR9b4Q/getUpdates "HTTP/1.1 200 OK"
2025-02-12 16:49:11,501 - httpx - INFO - HTTP Request: POST https://api.telegram.org/bot7093719129:AAE3ny7_m5SoEpXWsZs-MlI2tEsXVYR9b4Q/getUpdates "HTTP/1.1 200 OK"
2025-02-12 16:49:21,621 - httpx - INFO - HTTP Request: POST https://api.telegram.org/bot7093719129:AAE3ny7_m5SoEpXWsZs-MlI2tEsXVYR9b4Q/getUpdates "HTTP/1.1 200 OK"
2025-02-12 16:49:31,731 - httpx - INFO - HTTP Request: POST https://api.telegram.org/bot7093719129:AAE3ny7_m5SoEpXWsZs-MlI2tEsXVYR9b4Q/getUpdates "HTTP/1.1 200 OK"
2025-02-12 16:49:41,852 - httpx - INFO - HTTP Request: POST https://api.telegram.org/bot7093719129:AAE3ny7_m5SoEpXWsZs-MlI2tEsXVYR9b4Q/getUpdates "HTTP/1.1 200 OK"
2025-02-12 16:49:51,968 - httpx - INFO - HTTP Request: POST https://api.telegram.org/bot7093719129:AAE3ny7_m5SoEpXWsZs-MlI2tEsXVYR9b4Q/getUpdates "HTTP/1.1 200 OK"
2025-02-12 16:50:02,096 - httpx - INFO - HTTP Request: POST https://api.telegram.org/bot7093719129:AAE3ny7_m5SoEpXWsZs-MlI2tEsXVYR9b4Q/getUpdates "HTTP/1.1 200 OK"
2025-02-12 16:50:12,239 - httpx - INFO - HTTP Request: POST https://api.telegram.org/bot7093719129:AAE3ny7_m5SoEpXWsZs-MlI2tEsXVYR9b4Q/getUpdates "HTTP/1.1 200 OK"
2025-02-12 16:50:22,348 - httpx - INFO - HTTP Request: POST https://api.telegram.org/bot7093719129:AAE3ny7_m5SoEpXWsZs-MlI2tEsXVYR9b4Q/getUpdates "HTTP/1.1 200 OK"
2025-02-12 16:50:32,465 - httpx - INFO - HTTP Request: POST https://api.telegram.org/bot7093719129:AAE3ny7_m5SoEpXWsZs-MlI2tEsXVYR9b4Q/getUpdates "HTTP/1.1 200 OK"
2025-02-12 16:50:42,581 - httpx - INFO - HTTP Request: POST https://api.telegram.org/bot7093719129:AAE3ny7_m5SoEpXWsZs-MlI2tEsXVYR9b4Q/getUpdates "HTTP/1.1 200 OK"
2025-02-12 16:50:52,683 - httpx - INFO - HTTP Request: POST https://api.telegram.org/bot7093719129:AAE3ny7_m5SoEpXWsZs-MlI2tEsXVYR9b4Q/getUpdates "HTTP/1.1 200 OK"
2025-02-12 16:51:02,803 - httpx - INFO - HTTP Request: POST https://api.telegram.org/bot7093719129:AAE3ny7_m5SoEpXWsZs-MlI2tEsXVYR9b4Q/getUpdates "HTTP/1.1 200 OK"
2025-02-12 16:51:12,918 - httpx - INFO - HTTP Request: POST https://api.telegram.org/bot7093719129:AAE3ny7_m5SoEpXWsZs-MlI2tEsXVYR9b4Q/getUpdates "HTTP/1.1 200 OK"
2025-02-12 16:51:23,025 - httpx - INFO - HTTP Request: POST https://api.telegram.org/bot7093719129:AAE3ny7_m5SoEpXWsZs-MlI2tEsXVYR9b4Q/getUpdates "HTTP/1.1 200 OK"
2025-02-12 16:51:33,147 - httpx - INFO - HTTP Request: POST https://api.telegram.org/bot7093719129:AAE3ny7_m5SoEpXWsZs-MlI2tEsXVYR9b4Q/getUpdates "HTTP/1.1 200 OK"
2025-02-12 16:51:43,262 - httpx - INFO - HTTP Request: POST https://api.telegram.org/bot7093719129:AAE3ny7_m5SoEpXWsZs-MlI2tEsXVYR9b4Q/getUpdates "HTTP/1.1 200 OK"
2025-02-12 16:51:53,371 - httpx - INFO - HTTP Request: POST https://api.telegram.org/bot7093719129:AAE3ny7_m5SoEpXWsZs-MlI2tEsXVYR9b4Q/getUpdates "HTTP/1.1 200 OK"
2025-02-12 16:52:03,783 - httpx - INFO - HTTP Request: POST https://api.telegram.org/bot7093719129:AAE3ny7_m5SoEpXWsZs-MlI2tEsXVYR9b4Q/getUpdates "HTTP/1.1 200 OK"
2025-02-12 16:52:13,889 - httpx - INFO - HTTP Request: POST https://api.telegram.org/bot7093719129:AAE3ny7_m5SoEpXWsZs-MlI2tEsXVYR9b4Q/getUpdates "HTTP/1.1 200 OK"
2025-02-12 16:52:24,104 - httpx - INFO - HTTP Request: POST https://api.telegram.org/bot7093719129:AAE3ny7_m5SoEpXWsZs-MlI2tEsXVYR9b4Q/getUpdates "HTTP/1.1 200 OK"
2025-02-12 16:52:34,214 - httpx - INFO - HTTP Request: POST https://api.telegram.org/bot7093719129:AAE3ny7_m5SoEpXWsZs-MlI2tEsXVYR9b4Q/getUpdates "HTTP/1.1 200 OK"
2025-02-12 16:52:44,325 - httpx - INFO - HTTP Request: POST https://api.telegram.org/bot7093719129:AAE3ny7_m5SoEpXWsZs-MlI2tEsXVYR9b4Q/getUpdates "HTTP/1.1 200 OK"
2025-02-12 16:52:54,430 - httpx - INFO - HTTP Request: POST https://api.telegram.org/bot7093719129:AAE3ny7_m5SoEpXWsZs-MlI2tEsXVYR9b4Q/getUpdates "HTTP/1.1 200 OK"
2025-02-12 16:53:04,538 - httpx - INFO - HTTP Request: POST https://api.telegram.org/bot7093719129:AAE3ny7_m5SoEpXWsZs-MlI2tEsXVYR9b4Q/getUpdates "HTTP/1.1 200 OK"
2025-02-12 16:53:14,646 - httpx - INFO - HTTP Request: POST https://api.telegram.org/bot7093719129:AAE3ny7_m5SoEpXWsZs-MlI2tEsXVYR9b4Q/getUpdates "HTTP/1.1 200 OK"
2025-02-12 16:53:24,751 - httpx - INFO - HTTP Request: POST https://api.telegram.org/bot7093719129:AAE3ny7_m5SoEpXWsZs-MlI2tEsXVYR9b4Q/getUpdates "HTTP/1.1 200 OK"
2025-02-12 16:53:34,858 - httpx - INFO - HTTP Request: POST https://api.telegram.org/bot7093719129:AAE3ny7_m5SoEpXWsZs-MlI2tEsXVYR9b4Q/getUpdates "HTTP/1.1 200 OK"
2025-02-12 16:53:44,967 - httpx - INFO - HTTP Request: POST https://api.telegram.org/bot7093719129:AAE3ny7_m5SoEpXWsZs-MlI2tEsXVYR9b4Q/getUpdates "HTTP/1.1 200 OK"
2025-02-12 16:53:55,075 - httpx - INFO - HTTP Request: POST https://api.telegram.org/bot7093719129:AAE3ny7_m5SoEpXWsZs-MlI2tEsXVYR9b4Q/getUpdates "HTTP/1.1 200 OK"
2025-02-12 16:54:05,184 - httpx - INFO - HTTP Request: POST https://api.telegram.org/bot7093719129:AAE3ny7_m5SoEpXWsZs-MlI2tEsXVYR9b4Q/getUpdates "HTTP/1.1 200 OK"
2025-02-12 16:54:15,291 - httpx - INFO - HTTP Request: POST https://api.telegram.org/bot7093719129:AAE3ny7_m5SoEpXWsZs-MlI2tEsXVYR9b4Q/getUpdates "HTTP/1.1 200 OK"
2025-02-12 16:54:25,398 - httpx - INFO - HTTP Request: POST https://api.telegram.org/bot7093719129:AAE3ny7_m5SoEpXWsZs-MlI2tEsXVYR9b4Q/getUpdates "HTTP/1.1 200 OK"
2025-02-12 16:54:35,505 - httpx - INFO - HTTP Request: POST https://api.telegram.org/bot7093719129:AAE3ny7_m5SoEpXWsZs-MlI2tEsXVYR9b4Q/getUpdates "HTTP/1.1 200 OK"
2025-02-12 16:54:45,654 - httpx - INFO - HTTP Request: POST https://api.telegram.org/bot7093719129:AAE3ny7_m5SoEpXWsZs-MlI2tEsXVYR9b4Q/getUpdates "HTTP/1.1 200 OK"
2025-02-12 16:54:55,756 - httpx - INFO - HTTP Request: POST https://api.telegram.org/bot7093719129:AAE3ny7_m5SoEpXWsZs-MlI2tEsXVYR9b4Q/getUpdates "HTTP/1.1 200 OK"
2025-02-12 16:55:05,866 - httpx - INFO - HTTP Request: POST https://api.telegram.org/bot7093719129:AAE3ny7_m5SoEpXWsZs-MlI2tEsXVYR9b4Q/getUpdates "HTTP/1.1 200 OK"
2025-02-12 16:55:15,965 - httpx - INFO - HTTP Request: POST https://api.telegram.org/bot7093719129:AAE3ny7_m5SoEpXWsZs-MlI2tEsXVYR9b4Q/getUpdates "HTTP/1.1 200 OK"
2025-02-12 16:55:26,098 - httpx - INFO - HTTP Request: POST https://api.telegram.org/bot7093719129:AAE3ny7_m5SoEpXWsZs-MlI2tEsXVYR9b4Q/getUpdates "HTTP/1.1 200 OK"
2025-02-12 16:55:36,190 - httpx - INFO - HTTP Request: POST https://api.telegram.org/bot7093719129:AAE3ny7_m5SoEpXWsZs-MlI2tEsXVYR9b4Q/getUpdates "HTTP/1.1 200 OK"
2025-02-12 16:55:46,304 - httpx - INFO - HTTP Request: POST https://api.telegram.org/bot7093719129:AAE3ny7_m5SoEpXWsZs-MlI2tEsXVYR9b4Q/getUpdates "HTTP/1.1 200 OK"
2025-02-12 16:55:56,413 - httpx - INFO - HTTP Request: POST https://api.telegram.org/bot7093719129:AAE3ny7_m5SoEpXWsZs-MlI2tEsXVYR9b4Q/getUpdates "HTTP/1.1 200 OK"
2025-02-12 16:56:06,513 - httpx - INFO - HTTP Request: POST https://api.telegram.org/bot7093719129:AAE3ny7_m5SoEpXWsZs-MlI2tEsXVYR9b4Q/getUpdates "HTTP/1.1 200 OK"
2025-02-12 16:56:16,617 - httpx - INFO - HTTP Request: POST https://api.telegram.org/bot7093719129:AAE3ny7_m5SoEpXWsZs-MlI2tEsXVYR9b4Q/getUpdates "HTTP/1.1 200 OK"
2025-02-12 16:56:26,725 - httpx - INFO - HTTP Request: POST https://api.telegram.org/bot7093719129:AAE3ny7_m5SoEpXWsZs-MlI2tEsXVYR9b4Q/getUpdates "HTTP/1.1 200 OK"
2025-02-12 16:56:36,831 - httpx - INFO - HTTP Request: POST https://api.telegram.org/bot7093719129:AAE3ny7_m5SoEpXWsZs-MlI2tEsXVYR9b4Q/getUpdates "HTTP/1.1 200 OK"
2025-02-12 16:56:46,995 - httpx - INFO - HTTP Request: POST https://api.telegram.org/bot7093719129:AAE3ny7_m5SoEpXWsZs-MlI2tEsXVYR9b4Q/getUpdates "HTTP/1.1 200 OK"
